-- Install configuration: ""
-- Up-to-date: /home/pan/Documents/projects/robot/p7/ros2_ws/src/install/dofbot_config/share/ament_index/resource_index/package_run_dependencies/dofbot_config
-- Up-to-date: /home/pan/Documents/projects/robot/p7/ros2_ws/src/install/dofbot_config/share/ament_index/resource_index/parent_prefix_path/dofbot_config
-- Up-to-date: /home/pan/Documents/projects/robot/p7/ros2_ws/src/install/dofbot_config/share/dofbot_config/environment/ament_prefix_path.sh
-- Up-to-date: /home/pan/Documents/projects/robot/p7/ros2_ws/src/install/dofbot_config/share/dofbot_config/environment/ament_prefix_path.dsv
-- Up-to-date: /home/pan/Documents/projects/robot/p7/ros2_ws/src/install/dofbot_config/share/dofbot_config/environment/path.sh
-- Up-to-date: /home/pan/Documents/projects/robot/p7/ros2_ws/src/install/dofbot_config/share/dofbot_config/environment/path.dsv
-- Up-to-date: /home/pan/Documents/projects/robot/p7/ros2_ws/src/install/dofbot_config/share/dofbot_config/local_setup.bash
-- Up-to-date: /home/pan/Documents/projects/robot/p7/ros2_ws/src/install/dofbot_config/share/dofbot_config/local_setup.sh
-- Up-to-date: /home/pan/Documents/projects/robot/p7/ros2_ws/src/install/dofbot_config/share/dofbot_config/local_setup.zsh
-- Up-to-date: /home/pan/Documents/projects/robot/p7/ros2_ws/src/install/dofbot_config/share/dofbot_config/local_setup.dsv
-- Up-to-date: /home/pan/Documents/projects/robot/p7/ros2_ws/src/install/dofbot_config/share/dofbot_config/package.dsv
-- Up-to-date: /home/pan/Documents/projects/robot/p7/ros2_ws/src/install/dofbot_config/share/ament_index/resource_index/packages/dofbot_config
-- Up-to-date: /home/pan/Documents/projects/robot/p7/ros2_ws/src/install/dofbot_config/share/dofbot_config/cmake/dofbot_configConfig.cmake
-- Up-to-date: /home/pan/Documents/projects/robot/p7/ros2_ws/src/install/dofbot_config/share/dofbot_config/cmake/dofbot_configConfig-version.cmake
-- Up-to-date: /home/pan/Documents/projects/robot/p7/ros2_ws/src/install/dofbot_config/share/dofbot_config/package.xml
-- Up-to-date: /home/pan/Documents/projects/robot/p7/ros2_ws/src/install/dofbot_config/share/dofbot_config/launch
-- Up-to-date: /home/pan/Documents/projects/robot/p7/ros2_ws/src/install/dofbot_config/share/dofbot_config/launch/warehouse_db.launch.py
-- Up-to-date: /home/pan/Documents/projects/robot/p7/ros2_ws/src/install/dofbot_config/share/dofbot_config/launch/demo.launch.py
-- Up-to-date: /home/pan/Documents/projects/robot/p7/ros2_ws/src/install/dofbot_config/share/dofbot_config/launch/moveit_rviz.launch.py
-- Up-to-date: /home/pan/Documents/projects/robot/p7/ros2_ws/src/install/dofbot_config/share/dofbot_config/launch/spawn_controllers.launch.py
-- Up-to-date: /home/pan/Documents/projects/robot/p7/ros2_ws/src/install/dofbot_config/share/dofbot_config/launch/ros2.launch.py
-- Up-to-date: /home/pan/Documents/projects/robot/p7/ros2_ws/src/install/dofbot_config/share/dofbot_config/launch/demo_2.launch.py
-- Up-to-date: /home/pan/Documents/projects/robot/p7/ros2_ws/src/install/dofbot_config/share/dofbot_config/launch/move_group.launch.py
-- Up-to-date: /home/pan/Documents/projects/robot/p7/ros2_ws/src/install/dofbot_config/share/dofbot_config/launch/setup_assistant.launch.py
-- Up-to-date: /home/pan/Documents/projects/robot/p7/ros2_ws/src/install/dofbot_config/share/dofbot_config/launch/static_virtual_joint_tfs.launch.py
-- Up-to-date: /home/pan/Documents/projects/robot/p7/ros2_ws/src/install/dofbot_config/share/dofbot_config/launch/rsp.launch.py
-- Up-to-date: /home/pan/Documents/projects/robot/p7/ros2_ws/src/install/dofbot_config/share/dofbot_config/config
-- Up-to-date: /home/pan/Documents/projects/robot/p7/ros2_ws/src/install/dofbot_config/share/dofbot_config/config/moveit.rviz
-- Up-to-date: /home/pan/Documents/projects/robot/p7/ros2_ws/src/install/dofbot_config/share/dofbot_config/config/moveit_controllers.yaml
-- Up-to-date: /home/pan/Documents/projects/robot/p7/ros2_ws/src/install/dofbot_config/share/dofbot_config/config/yahboom_dofbot.srdf
-- Up-to-date: /home/pan/Documents/projects/robot/p7/ros2_ws/src/install/dofbot_config/share/dofbot_config/config/joint_limits.yaml
-- Up-to-date: /home/pan/Documents/projects/robot/p7/ros2_ws/src/install/dofbot_config/share/dofbot_config/config/yahboom_dofbot.ros2_control.xacro
-- Up-to-date: /home/pan/Documents/projects/robot/p7/ros2_ws/src/install/dofbot_config/share/dofbot_config/config/yahboom_dofbot.urdf.xacro
-- Up-to-date: /home/pan/Documents/projects/robot/p7/ros2_ws/src/install/dofbot_config/share/dofbot_config/config/pilz_cartesian_limits.yaml
-- Up-to-date: /home/pan/Documents/projects/robot/p7/ros2_ws/src/install/dofbot_config/share/dofbot_config/config/kinematics.yaml
-- Up-to-date: /home/pan/Documents/projects/robot/p7/ros2_ws/src/install/dofbot_config/share/dofbot_config/config/initial_positions.yaml
-- Up-to-date: /home/pan/Documents/projects/robot/p7/ros2_ws/src/install/dofbot_config/share/dofbot_config/config/ros2_controllers.yaml
-- Up-to-date: /home/pan/Documents/projects/robot/p7/ros2_ws/src/install/dofbot_config/share/dofbot_config/.setup_assistant
