[0.011s] Invoking command in '/home/pan/Documents/projects/robot/p7/ros2_ws/src/build/dofbot_config': CMAKE_PREFIX_PATH=/home/pan/Documents/projects/robot/p7/ros2_ws/src/install/dofbot_moveit:/home/pan/Documents/projects/robot/p7/ros2_ws/src/install/dofbot_config:/home/pan/Documents/projects/robot/p7/ros2_ws/install/dofbot_config:/home/pan/Documents/projects/robot/p7/ros2_ws/install/dofbot_moveit:/opt/ros/jazzy/opt/gz_sim_vendor:/opt/ros/jazzy/opt/gz_sensors_vendor:/opt/ros/jazzy/opt/gz_physics_vendor:/opt/ros/jazzy/opt/sdformat_vendor:/opt/ros/jazzy/opt/gz_gui_vendor:/opt/ros/jazzy/opt/gz_transport_vendor:/opt/ros/jazzy/opt/gz_rendering_vendor:/opt/ros/jazzy/opt/gz_plugin_vendor:/opt/ros/jazzy/opt/gz_fuel_tools_vendor:/opt/ros/jazzy/opt/gz_msgs_vendor:/opt/ros/jazzy/opt/gz_common_vendor:/opt/ros/jazzy/opt/gz_math_vendor:/opt/ros/jazzy/opt/gz_utils_vendor:/opt/ros/jazzy/opt/gz_tools_vendor:/opt/ros/jazzy/opt/gz_ogre_next_vendor:/opt/ros/jazzy/opt/gz_dartsim_vendor:/opt/ros/jazzy/opt/gz_cmake_vendor:/opt/ros/jazzy DEBUGINFOD_URLS=https://debuginfod.ubuntu.com /usr/bin/cmake --build /home/pan/Documents/projects/robot/p7/ros2_ws/src/build/dofbot_config -- -j12 -l12
[0.070s] Invoked command in '/home/pan/Documents/projects/robot/p7/ros2_ws/src/build/dofbot_config' returned '0': CMAKE_PREFIX_PATH=/home/pan/Documents/projects/robot/p7/ros2_ws/src/install/dofbot_moveit:/home/pan/Documents/projects/robot/p7/ros2_ws/src/install/dofbot_config:/home/pan/Documents/projects/robot/p7/ros2_ws/install/dofbot_config:/home/pan/Documents/projects/robot/p7/ros2_ws/install/dofbot_moveit:/opt/ros/jazzy/opt/gz_sim_vendor:/opt/ros/jazzy/opt/gz_sensors_vendor:/opt/ros/jazzy/opt/gz_physics_vendor:/opt/ros/jazzy/opt/sdformat_vendor:/opt/ros/jazzy/opt/gz_gui_vendor:/opt/ros/jazzy/opt/gz_transport_vendor:/opt/ros/jazzy/opt/gz_rendering_vendor:/opt/ros/jazzy/opt/gz_plugin_vendor:/opt/ros/jazzy/opt/gz_fuel_tools_vendor:/opt/ros/jazzy/opt/gz_msgs_vendor:/opt/ros/jazzy/opt/gz_common_vendor:/opt/ros/jazzy/opt/gz_math_vendor:/opt/ros/jazzy/opt/gz_utils_vendor:/opt/ros/jazzy/opt/gz_tools_vendor:/opt/ros/jazzy/opt/gz_ogre_next_vendor:/opt/ros/jazzy/opt/gz_dartsim_vendor:/opt/ros/jazzy/opt/gz_cmake_vendor:/opt/ros/jazzy DEBUGINFOD_URLS=https://debuginfod.ubuntu.com /usr/bin/cmake --build /home/pan/Documents/projects/robot/p7/ros2_ws/src/build/dofbot_config -- -j12 -l12
[0.072s] Invoking command in '/home/pan/Documents/projects/robot/p7/ros2_ws/src/build/dofbot_config': CMAKE_PREFIX_PATH=/home/pan/Documents/projects/robot/p7/ros2_ws/src/install/dofbot_moveit:/home/pan/Documents/projects/robot/p7/ros2_ws/src/install/dofbot_config:/home/pan/Documents/projects/robot/p7/ros2_ws/install/dofbot_config:/home/pan/Documents/projects/robot/p7/ros2_ws/install/dofbot_moveit:/opt/ros/jazzy/opt/gz_sim_vendor:/opt/ros/jazzy/opt/gz_sensors_vendor:/opt/ros/jazzy/opt/gz_physics_vendor:/opt/ros/jazzy/opt/sdformat_vendor:/opt/ros/jazzy/opt/gz_gui_vendor:/opt/ros/jazzy/opt/gz_transport_vendor:/opt/ros/jazzy/opt/gz_rendering_vendor:/opt/ros/jazzy/opt/gz_plugin_vendor:/opt/ros/jazzy/opt/gz_fuel_tools_vendor:/opt/ros/jazzy/opt/gz_msgs_vendor:/opt/ros/jazzy/opt/gz_common_vendor:/opt/ros/jazzy/opt/gz_math_vendor:/opt/ros/jazzy/opt/gz_utils_vendor:/opt/ros/jazzy/opt/gz_tools_vendor:/opt/ros/jazzy/opt/gz_ogre_next_vendor:/opt/ros/jazzy/opt/gz_dartsim_vendor:/opt/ros/jazzy/opt/gz_cmake_vendor:/opt/ros/jazzy DEBUGINFOD_URLS=https://debuginfod.ubuntu.com /usr/bin/cmake --install /home/pan/Documents/projects/robot/p7/ros2_ws/src/build/dofbot_config
[0.083s] -- Install configuration: ""
[0.083s] -- Up-to-date: /home/pan/Documents/projects/robot/p7/ros2_ws/src/install/dofbot_config/share/ament_index/resource_index/package_run_dependencies/dofbot_config
[0.083s] -- Up-to-date: /home/pan/Documents/projects/robot/p7/ros2_ws/src/install/dofbot_config/share/ament_index/resource_index/parent_prefix_path/dofbot_config
[0.083s] -- Up-to-date: /home/pan/Documents/projects/robot/p7/ros2_ws/src/install/dofbot_config/share/dofbot_config/environment/ament_prefix_path.sh
[0.083s] -- Up-to-date: /home/pan/Documents/projects/robot/p7/ros2_ws/src/install/dofbot_config/share/dofbot_config/environment/ament_prefix_path.dsv
[0.084s] -- Up-to-date: /home/pan/Documents/projects/robot/p7/ros2_ws/src/install/dofbot_config/share/dofbot_config/environment/path.sh
[0.084s] -- Up-to-date: /home/pan/Documents/projects/robot/p7/ros2_ws/src/install/dofbot_config/share/dofbot_config/environment/path.dsv
[0.084s] -- Up-to-date: /home/pan/Documents/projects/robot/p7/ros2_ws/src/install/dofbot_config/share/dofbot_config/local_setup.bash
[0.084s] -- Up-to-date: /home/pan/Documents/projects/robot/p7/ros2_ws/src/install/dofbot_config/share/dofbot_config/local_setup.sh
[0.084s] -- Up-to-date: /home/pan/Documents/projects/robot/p7/ros2_ws/src/install/dofbot_config/share/dofbot_config/local_setup.zsh
[0.084s] -- Up-to-date: /home/pan/Documents/projects/robot/p7/ros2_ws/src/install/dofbot_config/share/dofbot_config/local_setup.dsv
[0.084s] -- Up-to-date: /home/pan/Documents/projects/robot/p7/ros2_ws/src/install/dofbot_config/share/dofbot_config/package.dsv
[0.084s] -- Up-to-date: /home/pan/Documents/projects/robot/p7/ros2_ws/src/install/dofbot_config/share/ament_index/resource_index/packages/dofbot_config
[0.084s] -- Up-to-date: /home/pan/Documents/projects/robot/p7/ros2_ws/src/install/dofbot_config/share/dofbot_config/cmake/dofbot_configConfig.cmake
[0.085s] -- Up-to-date: /home/pan/Documents/projects/robot/p7/ros2_ws/src/install/dofbot_config/share/dofbot_config/cmake/dofbot_configConfig-version.cmake
[0.085s] -- Up-to-date: /home/pan/Documents/projects/robot/p7/ros2_ws/src/install/dofbot_config/share/dofbot_config/package.xml
[0.085s] -- Up-to-date: /home/pan/Documents/projects/robot/p7/ros2_ws/src/install/dofbot_config/share/dofbot_config/launch
[0.085s] -- Up-to-date: /home/pan/Documents/projects/robot/p7/ros2_ws/src/install/dofbot_config/share/dofbot_config/launch/warehouse_db.launch.py
[0.085s] -- Up-to-date: /home/pan/Documents/projects/robot/p7/ros2_ws/src/install/dofbot_config/share/dofbot_config/launch/demo.launch.py
[0.085s] -- Up-to-date: /home/pan/Documents/projects/robot/p7/ros2_ws/src/install/dofbot_config/share/dofbot_config/launch/moveit_rviz.launch.py
[0.085s] -- Up-to-date: /home/pan/Documents/projects/robot/p7/ros2_ws/src/install/dofbot_config/share/dofbot_config/launch/spawn_controllers.launch.py
[0.085s] -- Up-to-date: /home/pan/Documents/projects/robot/p7/ros2_ws/src/install/dofbot_config/share/dofbot_config/launch/ros2.launch.py
[0.085s] -- Up-to-date: /home/pan/Documents/projects/robot/p7/ros2_ws/src/install/dofbot_config/share/dofbot_config/launch/demo_2.launch.py
[0.085s] -- Up-to-date: /home/pan/Documents/projects/robot/p7/ros2_ws/src/install/dofbot_config/share/dofbot_config/launch/move_group.launch.py
[0.085s] -- Up-to-date: /home/pan/Documents/projects/robot/p7/ros2_ws/src/install/dofbot_config/share/dofbot_config/launch/setup_assistant.launch.py
[0.086s] -- Up-to-date: /home/pan/Documents/projects/robot/p7/ros2_ws/src/install/dofbot_config/share/dofbot_config/launch/static_virtual_joint_tfs.launch.py
[0.086s] -- Up-to-date: /home/pan/Documents/projects/robot/p7/ros2_ws/src/install/dofbot_config/share/dofbot_config/launch/rsp.launch.py
[0.086s] -- Up-to-date: /home/pan/Documents/projects/robot/p7/ros2_ws/src/install/dofbot_config/share/dofbot_config/config
[0.086s] -- Up-to-date: /home/pan/Documents/projects/robot/p7/ros2_ws/src/install/dofbot_config/share/dofbot_config/config/moveit.rviz
[0.086s] -- Up-to-date: /home/pan/Documents/projects/robot/p7/ros2_ws/src/install/dofbot_config/share/dofbot_config/config/moveit_controllers.yaml
[0.086s] -- Up-to-date: /home/pan/Documents/projects/robot/p7/ros2_ws/src/install/dofbot_config/share/dofbot_config/config/yahboom_dofbot.srdf
[0.086s] -- Up-to-date: /home/pan/Documents/projects/robot/p7/ros2_ws/src/install/dofbot_config/share/dofbot_config/config/joint_limits.yaml
[0.086s] -- Up-to-date: /home/pan/Documents/projects/robot/p7/ros2_ws/src/install/dofbot_config/share/dofbot_config/config/yahboom_dofbot.ros2_control.xacro
[0.087s] -- Up-to-date: /home/pan/Documents/projects/robot/p7/ros2_ws/src/install/dofbot_config/share/dofbot_config/config/yahboom_dofbot.urdf.xacro
[0.087s] -- Up-to-date: /home/pan/Documents/projects/robot/p7/ros2_ws/src/install/dofbot_config/share/dofbot_config/config/pilz_cartesian_limits.yaml
[0.088s] -- Up-to-date: /home/pan/Documents/projects/robot/p7/ros2_ws/src/install/dofbot_config/share/dofbot_config/config/kinematics.yaml
[0.088s] -- Up-to-date: /home/pan/Documents/projects/robot/p7/ros2_ws/src/install/dofbot_config/share/dofbot_config/config/initial_positions.yaml
[0.088s] -- Up-to-date: /home/pan/Documents/projects/robot/p7/ros2_ws/src/install/dofbot_config/share/dofbot_config/config/ros2_controllers.yaml
[0.088s] -- Up-to-date: /home/pan/Documents/projects/robot/p7/ros2_ws/src/install/dofbot_config/share/dofbot_config/.setup_assistant
[0.088s] Invoked command in '/home/pan/Documents/projects/robot/p7/ros2_ws/src/build/dofbot_config' returned '0': CMAKE_PREFIX_PATH=/home/pan/Documents/projects/robot/p7/ros2_ws/src/install/dofbot_moveit:/home/pan/Documents/projects/robot/p7/ros2_ws/src/install/dofbot_config:/home/pan/Documents/projects/robot/p7/ros2_ws/install/dofbot_config:/home/pan/Documents/projects/robot/p7/ros2_ws/install/dofbot_moveit:/opt/ros/jazzy/opt/gz_sim_vendor:/opt/ros/jazzy/opt/gz_sensors_vendor:/opt/ros/jazzy/opt/gz_physics_vendor:/opt/ros/jazzy/opt/sdformat_vendor:/opt/ros/jazzy/opt/gz_gui_vendor:/opt/ros/jazzy/opt/gz_transport_vendor:/opt/ros/jazzy/opt/gz_rendering_vendor:/opt/ros/jazzy/opt/gz_plugin_vendor:/opt/ros/jazzy/opt/gz_fuel_tools_vendor:/opt/ros/jazzy/opt/gz_msgs_vendor:/opt/ros/jazzy/opt/gz_common_vendor:/opt/ros/jazzy/opt/gz_math_vendor:/opt/ros/jazzy/opt/gz_utils_vendor:/opt/ros/jazzy/opt/gz_tools_vendor:/opt/ros/jazzy/opt/gz_ogre_next_vendor:/opt/ros/jazzy/opt/gz_dartsim_vendor:/opt/ros/jazzy/opt/gz_cmake_vendor:/opt/ros/jazzy DEBUGINFOD_URLS=https://debuginfod.ubuntu.com /usr/bin/cmake --install /home/pan/Documents/projects/robot/p7/ros2_ws/src/build/dofbot_config
