[0.099s] DEBUG:colcon:Command line arguments: ['/usr/bin/colcon', 'build']
[0.100s] DEBUG:colcon:Parsed command line arguments: Namespace(log_base=None, log_level=None, verb_name='build', build_base='build', install_base='install', merge_install=False, symlink_install=False, test_result_base=None, continue_on_error=False, executor='parallel', parallel_workers=12, event_handlers=None, ignore_user_meta=False, metas=['./colcon.meta'], base_paths=['.'], packages_ignore=None, packages_ignore_regex=None, paths=None, packages_up_to=None, packages_up_to_regex=None, packages_above=None, packages_above_and_dependencies=None, packages_above_depth=None, packages_select_by_dep=None, packages_skip_by_dep=None, packages_skip_up_to=None, packages_select_build_failed=False, packages_skip_build_finished=False, packages_select_test_failures=False, packages_skip_test_passed=False, packages_select=None, packages_skip=None, packages_select_regex=None, packages_skip_regex=None, packages_start=None, packages_end=None, allow_overriding=[], cmake_args=None, cmake_target=None, cmake_target_skip_unavailable=False, cmake_clean_cache=False, cmake_clean_first=False, cmake_force_configure=False, ament_cmake_args=None, catkin_cmake_args=None, catkin_skip_building_tests=False, mixin_files=None, mixin=None, verb_parser=<colcon_mixin.mixin.mixin_argument.MixinArgumentDecorator object at 0x75f7beb6d0d0>, verb_extension=<colcon_core.verb.build.BuildVerb object at 0x75f7becc9af0>, main=<bound method BuildVerb.main of <colcon_core.verb.build.BuildVerb object at 0x75f7becc9af0>>, mixin_verb=('build',))
[0.137s] Level 1:colcon.colcon_core.package_discovery:discover_packages(colcon_meta) check parameters
[0.137s] Level 1:colcon.colcon_core.package_discovery:discover_packages(recursive) check parameters
[0.137s] Level 1:colcon.colcon_core.package_discovery:discover_packages(ignore) check parameters
[0.137s] Level 1:colcon.colcon_core.package_discovery:discover_packages(path) check parameters
[0.137s] Level 1:colcon.colcon_core.package_discovery:discover_packages(colcon_meta) discover
[0.137s] Level 1:colcon.colcon_core.package_discovery:discover_packages(recursive) discover
[0.137s] INFO:colcon.colcon_core.package_discovery:Crawling recursively for packages in '/home/pan/Documents/projects/robot/p7/ros2_ws/src'
[0.137s] Level 1:colcon.colcon_core.package_identification:_identify(.) by extensions ['ignore', 'ignore_ament_install']
[0.137s] Level 1:colcon.colcon_core.package_identification:_identify(.) by extension 'ignore'
[0.137s] Level 1:colcon.colcon_core.package_identification:_identify(.) by extension 'ignore_ament_install'
[0.137s] Level 1:colcon.colcon_core.package_identification:_identify(.) by extensions ['colcon_pkg']
[0.137s] Level 1:colcon.colcon_core.package_identification:_identify(.) by extension 'colcon_pkg'
[0.137s] Level 1:colcon.colcon_core.package_identification:_identify(.) by extensions ['colcon_meta']
[0.137s] Level 1:colcon.colcon_core.package_identification:_identify(.) by extension 'colcon_meta'
[0.137s] Level 1:colcon.colcon_core.package_identification:_identify(.) by extensions ['ros']
[0.137s] Level 1:colcon.colcon_core.package_identification:_identify(.) by extension 'ros'
[0.162s] Level 1:colcon.colcon_core.package_identification:_identify(.) by extensions ['cmake', 'python']
[0.162s] Level 1:colcon.colcon_core.package_identification:_identify(.) by extension 'cmake'
[0.162s] Level 1:colcon.colcon_core.package_identification:_identify(.) by extension 'python'
[0.162s] Level 1:colcon.colcon_core.package_identification:_identify(.) by extensions ['python_setup_py']
[0.162s] Level 1:colcon.colcon_core.package_identification:_identify(.) by extension 'python_setup_py'
[0.162s] Level 1:colcon.colcon_core.package_identification:_identify(build) by extensions ['ignore', 'ignore_ament_install']
[0.162s] Level 1:colcon.colcon_core.package_identification:_identify(build) by extension 'ignore'
[0.162s] Level 1:colcon.colcon_core.package_identification:_identify(build) ignored
[0.162s] Level 1:colcon.colcon_core.package_identification:_identify(dofbot_config) by extensions ['ignore', 'ignore_ament_install']
[0.162s] Level 1:colcon.colcon_core.package_identification:_identify(dofbot_config) by extension 'ignore'
[0.162s] Level 1:colcon.colcon_core.package_identification:_identify(dofbot_config) by extension 'ignore_ament_install'
[0.163s] Level 1:colcon.colcon_core.package_identification:_identify(dofbot_config) by extensions ['colcon_pkg']
[0.163s] Level 1:colcon.colcon_core.package_identification:_identify(dofbot_config) by extension 'colcon_pkg'
[0.163s] Level 1:colcon.colcon_core.package_identification:_identify(dofbot_config) by extensions ['colcon_meta']
[0.163s] Level 1:colcon.colcon_core.package_identification:_identify(dofbot_config) by extension 'colcon_meta'
[0.163s] Level 1:colcon.colcon_core.package_identification:_identify(dofbot_config) by extensions ['ros']
[0.163s] Level 1:colcon.colcon_core.package_identification:_identify(dofbot_config) by extension 'ros'
[0.165s] DEBUG:colcon.colcon_core.package_identification:Package 'dofbot_config' with type 'ros.ament_cmake' and name 'dofbot_config'
[0.165s] Level 1:colcon.colcon_core.package_identification:_identify(dofbot_moveit) by extensions ['ignore', 'ignore_ament_install']
[0.165s] Level 1:colcon.colcon_core.package_identification:_identify(dofbot_moveit) by extension 'ignore'
[0.165s] Level 1:colcon.colcon_core.package_identification:_identify(dofbot_moveit) by extension 'ignore_ament_install'
[0.165s] Level 1:colcon.colcon_core.package_identification:_identify(dofbot_moveit) by extensions ['colcon_pkg']
[0.165s] Level 1:colcon.colcon_core.package_identification:_identify(dofbot_moveit) by extension 'colcon_pkg'
[0.165s] Level 1:colcon.colcon_core.package_identification:_identify(dofbot_moveit) by extensions ['colcon_meta']
[0.165s] Level 1:colcon.colcon_core.package_identification:_identify(dofbot_moveit) by extension 'colcon_meta'
[0.165s] Level 1:colcon.colcon_core.package_identification:_identify(dofbot_moveit) by extensions ['ros']
[0.165s] Level 1:colcon.colcon_core.package_identification:_identify(dofbot_moveit) by extension 'ros'
[0.166s] DEBUG:colcon.colcon_core.package_identification:Package 'dofbot_moveit' with type 'ros.ament_cmake' and name 'dofbot_moveit'
[0.166s] Level 1:colcon.colcon_core.package_identification:_identify(install) by extensions ['ignore', 'ignore_ament_install']
[0.166s] Level 1:colcon.colcon_core.package_identification:_identify(install) by extension 'ignore'
[0.166s] Level 1:colcon.colcon_core.package_identification:_identify(install) ignored
[0.166s] Level 1:colcon.colcon_core.package_identification:_identify(log) by extensions ['ignore', 'ignore_ament_install']
[0.166s] Level 1:colcon.colcon_core.package_identification:_identify(log) by extension 'ignore'
[0.166s] Level 1:colcon.colcon_core.package_identification:_identify(log) ignored
[0.166s] Level 1:colcon.colcon_core.package_discovery:discover_packages(recursive) using defaults
[0.166s] Level 1:colcon.colcon_core.package_discovery:discover_packages(ignore) discover
[0.166s] Level 1:colcon.colcon_core.package_discovery:discover_packages(ignore) using defaults
[0.166s] Level 1:colcon.colcon_core.package_discovery:discover_packages(path) discover
[0.166s] Level 1:colcon.colcon_core.package_discovery:discover_packages(path) using defaults
[0.184s] Level 1:colcon.colcon_core.package_discovery:discover_packages(prefix_path) check parameters
[0.184s] Level 1:colcon.colcon_core.package_discovery:discover_packages(prefix_path) discover
[0.186s] DEBUG:colcon.colcon_installed_package_information.package_discovery:Found 2 installed packages in /home/pan/Documents/projects/robot/p7/ros2_ws/install
[0.189s] DEBUG:colcon.colcon_installed_package_information.package_discovery:Found 465 installed packages in /opt/ros/jazzy
[0.191s] Level 1:colcon.colcon_core.package_discovery:discover_packages(prefix_path) using defaults
[0.258s] Level 5:colcon.colcon_core.verb:set package 'dofbot_moveit' build argument 'cmake_args' from command line to 'None'
[0.258s] Level 5:colcon.colcon_core.verb:set package 'dofbot_moveit' build argument 'cmake_target' from command line to 'None'
[0.258s] Level 5:colcon.colcon_core.verb:set package 'dofbot_moveit' build argument 'cmake_target_skip_unavailable' from command line to 'False'
[0.259s] Level 5:colcon.colcon_core.verb:set package 'dofbot_moveit' build argument 'cmake_clean_cache' from command line to 'False'
[0.259s] Level 5:colcon.colcon_core.verb:set package 'dofbot_moveit' build argument 'cmake_clean_first' from command line to 'False'
[0.259s] Level 5:colcon.colcon_core.verb:set package 'dofbot_moveit' build argument 'cmake_force_configure' from command line to 'False'
[0.259s] Level 5:colcon.colcon_core.verb:set package 'dofbot_moveit' build argument 'ament_cmake_args' from command line to 'None'
[0.259s] Level 5:colcon.colcon_core.verb:set package 'dofbot_moveit' build argument 'catkin_cmake_args' from command line to 'None'
[0.259s] Level 5:colcon.colcon_core.verb:set package 'dofbot_moveit' build argument 'catkin_skip_building_tests' from command line to 'False'
[0.259s] DEBUG:colcon.colcon_core.verb:Building package 'dofbot_moveit' with the following arguments: {'ament_cmake_args': None, 'build_base': '/home/pan/Documents/projects/robot/p7/ros2_ws/src/build/dofbot_moveit', 'catkin_cmake_args': None, 'catkin_skip_building_tests': False, 'cmake_args': None, 'cmake_clean_cache': False, 'cmake_clean_first': False, 'cmake_force_configure': False, 'cmake_target': None, 'cmake_target_skip_unavailable': False, 'install_base': '/home/pan/Documents/projects/robot/p7/ros2_ws/src/install/dofbot_moveit', 'merge_install': False, 'path': '/home/pan/Documents/projects/robot/p7/ros2_ws/src/dofbot_moveit', 'symlink_install': False, 'test_result_base': None}
[0.259s] Level 5:colcon.colcon_core.verb:set package 'dofbot_config' build argument 'cmake_args' from command line to 'None'
[0.259s] Level 5:colcon.colcon_core.verb:set package 'dofbot_config' build argument 'cmake_target' from command line to 'None'
[0.259s] Level 5:colcon.colcon_core.verb:set package 'dofbot_config' build argument 'cmake_target_skip_unavailable' from command line to 'False'
[0.259s] Level 5:colcon.colcon_core.verb:set package 'dofbot_config' build argument 'cmake_clean_cache' from command line to 'False'
[0.259s] Level 5:colcon.colcon_core.verb:set package 'dofbot_config' build argument 'cmake_clean_first' from command line to 'False'
[0.259s] Level 5:colcon.colcon_core.verb:set package 'dofbot_config' build argument 'cmake_force_configure' from command line to 'False'
[0.259s] Level 5:colcon.colcon_core.verb:set package 'dofbot_config' build argument 'ament_cmake_args' from command line to 'None'
[0.259s] Level 5:colcon.colcon_core.verb:set package 'dofbot_config' build argument 'catkin_cmake_args' from command line to 'None'
[0.259s] Level 5:colcon.colcon_core.verb:set package 'dofbot_config' build argument 'catkin_skip_building_tests' from command line to 'False'
[0.259s] DEBUG:colcon.colcon_core.verb:Building package 'dofbot_config' with the following arguments: {'ament_cmake_args': None, 'build_base': '/home/pan/Documents/projects/robot/p7/ros2_ws/src/build/dofbot_config', 'catkin_cmake_args': None, 'catkin_skip_building_tests': False, 'cmake_args': None, 'cmake_clean_cache': False, 'cmake_clean_first': False, 'cmake_force_configure': False, 'cmake_target': None, 'cmake_target_skip_unavailable': False, 'install_base': '/home/pan/Documents/projects/robot/p7/ros2_ws/src/install/dofbot_config', 'merge_install': False, 'path': '/home/pan/Documents/projects/robot/p7/ros2_ws/src/dofbot_config', 'symlink_install': False, 'test_result_base': None}
[0.259s] INFO:colcon.colcon_core.executor:Executing jobs using 'parallel' executor
[0.260s] DEBUG:colcon.colcon_parallel_executor.executor.parallel:run_until_complete
[0.260s] INFO:colcon.colcon_ros.task.ament_cmake.build:Building ROS package in '/home/pan/Documents/projects/robot/p7/ros2_ws/src/dofbot_moveit' with build type 'ament_cmake'
[0.261s] INFO:colcon.colcon_cmake.task.cmake.build:Building CMake package in '/home/pan/Documents/projects/robot/p7/ros2_ws/src/dofbot_moveit'
[0.262s] INFO:colcon.colcon_core.plugin_system:Skipping extension 'colcon_core.shell.bat': Not used on non-Windows systems
[0.263s] INFO:colcon.colcon_core.shell:Skip shell extension 'powershell' for command environment: Not usable outside of PowerShell
[0.263s] DEBUG:colcon.colcon_core.shell:Skip shell extension 'dsv' for command environment
[0.272s] DEBUG:colcon.colcon_core.event_handler.log_command:Invoking command in '/home/pan/Documents/projects/robot/p7/ros2_ws/src/build/dofbot_moveit': CMAKE_PREFIX_PATH=${CMAKE_PREFIX_PATH}:/opt/ros/jazzy DEBUGINFOD_URLS=https://debuginfod.ubuntu.com /usr/bin/cmake /home/pan/Documents/projects/robot/p7/ros2_ws/src/dofbot_moveit -DCMAKE_INSTALL_PREFIX=/home/pan/Documents/projects/robot/p7/ros2_ws/src/install/dofbot_moveit
[1.430s] DEBUG:colcon.colcon_core.event_handler.log_command:Invoked command in '/home/pan/Documents/projects/robot/p7/ros2_ws/src/build/dofbot_moveit' returned '0': CMAKE_PREFIX_PATH=${CMAKE_PREFIX_PATH}:/opt/ros/jazzy DEBUGINFOD_URLS=https://debuginfod.ubuntu.com /usr/bin/cmake /home/pan/Documents/projects/robot/p7/ros2_ws/src/dofbot_moveit -DCMAKE_INSTALL_PREFIX=/home/pan/Documents/projects/robot/p7/ros2_ws/src/install/dofbot_moveit
[1.431s] DEBUG:colcon.colcon_core.event_handler.log_command:Invoking command in '/home/pan/Documents/projects/robot/p7/ros2_ws/src/build/dofbot_moveit': CMAKE_PREFIX_PATH=${CMAKE_PREFIX_PATH}:/opt/ros/jazzy DEBUGINFOD_URLS=https://debuginfod.ubuntu.com /usr/bin/cmake --build /home/pan/Documents/projects/robot/p7/ros2_ws/src/build/dofbot_moveit -- -j12 -l12
[1.501s] DEBUG:colcon.colcon_core.event_handler.log_command:Invoked command in '/home/pan/Documents/projects/robot/p7/ros2_ws/src/build/dofbot_moveit' returned '0': CMAKE_PREFIX_PATH=${CMAKE_PREFIX_PATH}:/opt/ros/jazzy DEBUGINFOD_URLS=https://debuginfod.ubuntu.com /usr/bin/cmake --build /home/pan/Documents/projects/robot/p7/ros2_ws/src/build/dofbot_moveit -- -j12 -l12
[1.518s] DEBUG:colcon.colcon_core.event_handler.log_command:Invoking command in '/home/pan/Documents/projects/robot/p7/ros2_ws/src/build/dofbot_moveit': CMAKE_PREFIX_PATH=${CMAKE_PREFIX_PATH}:/opt/ros/jazzy DEBUGINFOD_URLS=https://debuginfod.ubuntu.com /usr/bin/cmake --install /home/pan/Documents/projects/robot/p7/ros2_ws/src/build/dofbot_moveit
[1.682s] Level 1:colcon.colcon_core.environment:create_environment_scripts_only(dofbot_moveit)
[1.683s] DEBUG:colcon.colcon_core.event_handler.log_command:Invoked command in '/home/pan/Documents/projects/robot/p7/ros2_ws/src/build/dofbot_moveit' returned '0': CMAKE_PREFIX_PATH=${CMAKE_PREFIX_PATH}:/opt/ros/jazzy DEBUGINFOD_URLS=https://debuginfod.ubuntu.com /usr/bin/cmake --install /home/pan/Documents/projects/robot/p7/ros2_ws/src/build/dofbot_moveit
[1.685s] Level 1:colcon.colcon_core.environment:checking '/home/pan/Documents/projects/robot/p7/ros2_ws/src/install/dofbot_moveit' for CMake module files
[1.686s] Level 1:colcon.colcon_core.environment:checking '/home/pan/Documents/projects/robot/p7/ros2_ws/src/install/dofbot_moveit' for CMake config files
[1.686s] Level 1:colcon.colcon_core.shell:create_environment_hook('dofbot_moveit', 'cmake_prefix_path')
[1.687s] INFO:colcon.colcon_core.shell:Creating environment hook '/home/pan/Documents/projects/robot/p7/ros2_ws/src/install/dofbot_moveit/share/dofbot_moveit/hook/cmake_prefix_path.ps1'
[1.687s] INFO:colcon.colcon_core.shell:Creating environment descriptor '/home/pan/Documents/projects/robot/p7/ros2_ws/src/install/dofbot_moveit/share/dofbot_moveit/hook/cmake_prefix_path.dsv'
[1.687s] INFO:colcon.colcon_core.shell:Creating environment hook '/home/pan/Documents/projects/robot/p7/ros2_ws/src/install/dofbot_moveit/share/dofbot_moveit/hook/cmake_prefix_path.sh'
[1.688s] Level 1:colcon.colcon_core.environment:checking '/home/pan/Documents/projects/robot/p7/ros2_ws/src/install/dofbot_moveit/bin'
[1.688s] Level 1:colcon.colcon_core.environment:checking '/home/pan/Documents/projects/robot/p7/ros2_ws/src/install/dofbot_moveit/lib/pkgconfig/dofbot_moveit.pc'
[1.688s] Level 1:colcon.colcon_core.environment:checking '/home/pan/Documents/projects/robot/p7/ros2_ws/src/install/dofbot_moveit/lib/python3.12/site-packages'
[1.689s] Level 1:colcon.colcon_core.environment:checking '/home/pan/Documents/projects/robot/p7/ros2_ws/src/install/dofbot_moveit/bin'
[1.689s] INFO:colcon.colcon_core.shell:Creating package script '/home/pan/Documents/projects/robot/p7/ros2_ws/src/install/dofbot_moveit/share/dofbot_moveit/package.ps1'
[1.690s] INFO:colcon.colcon_core.shell:Creating package descriptor '/home/pan/Documents/projects/robot/p7/ros2_ws/src/install/dofbot_moveit/share/dofbot_moveit/package.dsv'
[1.690s] INFO:colcon.colcon_core.shell:Creating package script '/home/pan/Documents/projects/robot/p7/ros2_ws/src/install/dofbot_moveit/share/dofbot_moveit/package.sh'
[1.691s] INFO:colcon.colcon_core.shell:Creating package script '/home/pan/Documents/projects/robot/p7/ros2_ws/src/install/dofbot_moveit/share/dofbot_moveit/package.bash'
[1.691s] INFO:colcon.colcon_core.shell:Creating package script '/home/pan/Documents/projects/robot/p7/ros2_ws/src/install/dofbot_moveit/share/dofbot_moveit/package.zsh'
[1.692s] Level 1:colcon.colcon_core.environment:create_file_with_runtime_dependencies(/home/pan/Documents/projects/robot/p7/ros2_ws/src/install/dofbot_moveit/share/colcon-core/packages/dofbot_moveit)
[1.692s] Level 1:colcon.colcon_core.environment:create_environment_scripts_only(dofbot_moveit)
[1.692s] Level 1:colcon.colcon_core.environment:checking '/home/pan/Documents/projects/robot/p7/ros2_ws/src/install/dofbot_moveit' for CMake module files
[1.693s] Level 1:colcon.colcon_core.environment:checking '/home/pan/Documents/projects/robot/p7/ros2_ws/src/install/dofbot_moveit' for CMake config files
[1.693s] Level 1:colcon.colcon_core.shell:create_environment_hook('dofbot_moveit', 'cmake_prefix_path')
[1.693s] INFO:colcon.colcon_core.shell:Creating environment hook '/home/pan/Documents/projects/robot/p7/ros2_ws/src/install/dofbot_moveit/share/dofbot_moveit/hook/cmake_prefix_path.ps1'
[1.694s] INFO:colcon.colcon_core.shell:Creating environment descriptor '/home/pan/Documents/projects/robot/p7/ros2_ws/src/install/dofbot_moveit/share/dofbot_moveit/hook/cmake_prefix_path.dsv'
[1.694s] INFO:colcon.colcon_core.shell:Creating environment hook '/home/pan/Documents/projects/robot/p7/ros2_ws/src/install/dofbot_moveit/share/dofbot_moveit/hook/cmake_prefix_path.sh'
[1.694s] Level 1:colcon.colcon_core.environment:checking '/home/pan/Documents/projects/robot/p7/ros2_ws/src/install/dofbot_moveit/bin'
[1.694s] Level 1:colcon.colcon_core.environment:checking '/home/pan/Documents/projects/robot/p7/ros2_ws/src/install/dofbot_moveit/lib/pkgconfig/dofbot_moveit.pc'
[1.695s] Level 1:colcon.colcon_core.environment:checking '/home/pan/Documents/projects/robot/p7/ros2_ws/src/install/dofbot_moveit/lib/python3.12/site-packages'
[1.695s] Level 1:colcon.colcon_core.environment:checking '/home/pan/Documents/projects/robot/p7/ros2_ws/src/install/dofbot_moveit/bin'
[1.695s] INFO:colcon.colcon_core.shell:Creating package script '/home/pan/Documents/projects/robot/p7/ros2_ws/src/install/dofbot_moveit/share/dofbot_moveit/package.ps1'
[1.696s] INFO:colcon.colcon_core.shell:Creating package descriptor '/home/pan/Documents/projects/robot/p7/ros2_ws/src/install/dofbot_moveit/share/dofbot_moveit/package.dsv'
[1.697s] INFO:colcon.colcon_core.shell:Creating package script '/home/pan/Documents/projects/robot/p7/ros2_ws/src/install/dofbot_moveit/share/dofbot_moveit/package.sh'
[1.697s] INFO:colcon.colcon_core.shell:Creating package script '/home/pan/Documents/projects/robot/p7/ros2_ws/src/install/dofbot_moveit/share/dofbot_moveit/package.bash'
[1.697s] INFO:colcon.colcon_core.shell:Creating package script '/home/pan/Documents/projects/robot/p7/ros2_ws/src/install/dofbot_moveit/share/dofbot_moveit/package.zsh'
[1.698s] Level 1:colcon.colcon_core.environment:create_file_with_runtime_dependencies(/home/pan/Documents/projects/robot/p7/ros2_ws/src/install/dofbot_moveit/share/colcon-core/packages/dofbot_moveit)
[1.698s] INFO:colcon.colcon_ros.task.ament_cmake.build:Building ROS package in '/home/pan/Documents/projects/robot/p7/ros2_ws/src/dofbot_config' with build type 'ament_cmake'
[1.698s] INFO:colcon.colcon_cmake.task.cmake.build:Building CMake package in '/home/pan/Documents/projects/robot/p7/ros2_ws/src/dofbot_config'
[1.699s] INFO:colcon.colcon_core.shell:Skip shell extension 'powershell' for command environment: Not usable outside of PowerShell
[1.699s] DEBUG:colcon.colcon_core.shell:Skip shell extension 'dsv' for command environment
[1.712s] DEBUG:colcon.colcon_core.event_handler.log_command:Invoking command in '/home/pan/Documents/projects/robot/p7/ros2_ws/src/build/dofbot_config': AMENT_PREFIX_PATH=/home/pan/Documents/projects/robot/p7/ros2_ws/src/install/dofbot_moveit:${AMENT_PREFIX_PATH} CMAKE_PREFIX_PATH=/home/pan/Documents/projects/robot/p7/ros2_ws/src/install/dofbot_moveit:/home/pan/Documents/projects/robot/p7/ros2_ws/install/dofbot_config:/home/pan/Documents/projects/robot/p7/ros2_ws/install/dofbot_moveit:/opt/ros/jazzy/opt/gz_sim_vendor:/opt/ros/jazzy/opt/gz_sensors_vendor:/opt/ros/jazzy/opt/gz_physics_vendor:/opt/ros/jazzy/opt/sdformat_vendor:/opt/ros/jazzy/opt/gz_gui_vendor:/opt/ros/jazzy/opt/gz_transport_vendor:/opt/ros/jazzy/opt/gz_rendering_vendor:/opt/ros/jazzy/opt/gz_plugin_vendor:/opt/ros/jazzy/opt/gz_fuel_tools_vendor:/opt/ros/jazzy/opt/gz_msgs_vendor:/opt/ros/jazzy/opt/gz_common_vendor:/opt/ros/jazzy/opt/gz_math_vendor:/opt/ros/jazzy/opt/gz_utils_vendor:/opt/ros/jazzy/opt/gz_tools_vendor:/opt/ros/jazzy/opt/gz_ogre_next_vendor:/opt/ros/jazzy/opt/gz_dartsim_vendor:/opt/ros/jazzy/opt/gz_cmake_vendor:/opt/ros/jazzy DEBUGINFOD_URLS=https://debuginfod.ubuntu.com /usr/bin/cmake /home/pan/Documents/projects/robot/p7/ros2_ws/src/dofbot_config -DCMAKE_INSTALL_PREFIX=/home/pan/Documents/projects/robot/p7/ros2_ws/src/install/dofbot_config
[2.731s] DEBUG:colcon.colcon_core.event_handler.log_command:Invoked command in '/home/pan/Documents/projects/robot/p7/ros2_ws/src/build/dofbot_config' returned '0': AMENT_PREFIX_PATH=/home/pan/Documents/projects/robot/p7/ros2_ws/src/install/dofbot_moveit:${AMENT_PREFIX_PATH} CMAKE_PREFIX_PATH=/home/pan/Documents/projects/robot/p7/ros2_ws/src/install/dofbot_moveit:/home/pan/Documents/projects/robot/p7/ros2_ws/install/dofbot_config:/home/pan/Documents/projects/robot/p7/ros2_ws/install/dofbot_moveit:/opt/ros/jazzy/opt/gz_sim_vendor:/opt/ros/jazzy/opt/gz_sensors_vendor:/opt/ros/jazzy/opt/gz_physics_vendor:/opt/ros/jazzy/opt/sdformat_vendor:/opt/ros/jazzy/opt/gz_gui_vendor:/opt/ros/jazzy/opt/gz_transport_vendor:/opt/ros/jazzy/opt/gz_rendering_vendor:/opt/ros/jazzy/opt/gz_plugin_vendor:/opt/ros/jazzy/opt/gz_fuel_tools_vendor:/opt/ros/jazzy/opt/gz_msgs_vendor:/opt/ros/jazzy/opt/gz_common_vendor:/opt/ros/jazzy/opt/gz_math_vendor:/opt/ros/jazzy/opt/gz_utils_vendor:/opt/ros/jazzy/opt/gz_tools_vendor:/opt/ros/jazzy/opt/gz_ogre_next_vendor:/opt/ros/jazzy/opt/gz_dartsim_vendor:/opt/ros/jazzy/opt/gz_cmake_vendor:/opt/ros/jazzy DEBUGINFOD_URLS=https://debuginfod.ubuntu.com /usr/bin/cmake /home/pan/Documents/projects/robot/p7/ros2_ws/src/dofbot_config -DCMAKE_INSTALL_PREFIX=/home/pan/Documents/projects/robot/p7/ros2_ws/src/install/dofbot_config
[2.732s] DEBUG:colcon.colcon_core.event_handler.log_command:Invoking command in '/home/pan/Documents/projects/robot/p7/ros2_ws/src/build/dofbot_config': AMENT_PREFIX_PATH=/home/pan/Documents/projects/robot/p7/ros2_ws/src/install/dofbot_moveit:${AMENT_PREFIX_PATH} CMAKE_PREFIX_PATH=/home/pan/Documents/projects/robot/p7/ros2_ws/src/install/dofbot_moveit:/home/pan/Documents/projects/robot/p7/ros2_ws/install/dofbot_config:/home/pan/Documents/projects/robot/p7/ros2_ws/install/dofbot_moveit:/opt/ros/jazzy/opt/gz_sim_vendor:/opt/ros/jazzy/opt/gz_sensors_vendor:/opt/ros/jazzy/opt/gz_physics_vendor:/opt/ros/jazzy/opt/sdformat_vendor:/opt/ros/jazzy/opt/gz_gui_vendor:/opt/ros/jazzy/opt/gz_transport_vendor:/opt/ros/jazzy/opt/gz_rendering_vendor:/opt/ros/jazzy/opt/gz_plugin_vendor:/opt/ros/jazzy/opt/gz_fuel_tools_vendor:/opt/ros/jazzy/opt/gz_msgs_vendor:/opt/ros/jazzy/opt/gz_common_vendor:/opt/ros/jazzy/opt/gz_math_vendor:/opt/ros/jazzy/opt/gz_utils_vendor:/opt/ros/jazzy/opt/gz_tools_vendor:/opt/ros/jazzy/opt/gz_ogre_next_vendor:/opt/ros/jazzy/opt/gz_dartsim_vendor:/opt/ros/jazzy/opt/gz_cmake_vendor:/opt/ros/jazzy DEBUGINFOD_URLS=https://debuginfod.ubuntu.com /usr/bin/cmake --build /home/pan/Documents/projects/robot/p7/ros2_ws/src/build/dofbot_config -- -j12 -l12
[2.790s] DEBUG:colcon.colcon_core.event_handler.log_command:Invoked command in '/home/pan/Documents/projects/robot/p7/ros2_ws/src/build/dofbot_config' returned '0': AMENT_PREFIX_PATH=/home/pan/Documents/projects/robot/p7/ros2_ws/src/install/dofbot_moveit:${AMENT_PREFIX_PATH} CMAKE_PREFIX_PATH=/home/pan/Documents/projects/robot/p7/ros2_ws/src/install/dofbot_moveit:/home/pan/Documents/projects/robot/p7/ros2_ws/install/dofbot_config:/home/pan/Documents/projects/robot/p7/ros2_ws/install/dofbot_moveit:/opt/ros/jazzy/opt/gz_sim_vendor:/opt/ros/jazzy/opt/gz_sensors_vendor:/opt/ros/jazzy/opt/gz_physics_vendor:/opt/ros/jazzy/opt/sdformat_vendor:/opt/ros/jazzy/opt/gz_gui_vendor:/opt/ros/jazzy/opt/gz_transport_vendor:/opt/ros/jazzy/opt/gz_rendering_vendor:/opt/ros/jazzy/opt/gz_plugin_vendor:/opt/ros/jazzy/opt/gz_fuel_tools_vendor:/opt/ros/jazzy/opt/gz_msgs_vendor:/opt/ros/jazzy/opt/gz_common_vendor:/opt/ros/jazzy/opt/gz_math_vendor:/opt/ros/jazzy/opt/gz_utils_vendor:/opt/ros/jazzy/opt/gz_tools_vendor:/opt/ros/jazzy/opt/gz_ogre_next_vendor:/opt/ros/jazzy/opt/gz_dartsim_vendor:/opt/ros/jazzy/opt/gz_cmake_vendor:/opt/ros/jazzy DEBUGINFOD_URLS=https://debuginfod.ubuntu.com /usr/bin/cmake --build /home/pan/Documents/projects/robot/p7/ros2_ws/src/build/dofbot_config -- -j12 -l12
[2.791s] DEBUG:colcon.colcon_core.event_handler.log_command:Invoking command in '/home/pan/Documents/projects/robot/p7/ros2_ws/src/build/dofbot_config': AMENT_PREFIX_PATH=/home/pan/Documents/projects/robot/p7/ros2_ws/src/install/dofbot_moveit:${AMENT_PREFIX_PATH} CMAKE_PREFIX_PATH=/home/pan/Documents/projects/robot/p7/ros2_ws/src/install/dofbot_moveit:/home/pan/Documents/projects/robot/p7/ros2_ws/install/dofbot_config:/home/pan/Documents/projects/robot/p7/ros2_ws/install/dofbot_moveit:/opt/ros/jazzy/opt/gz_sim_vendor:/opt/ros/jazzy/opt/gz_sensors_vendor:/opt/ros/jazzy/opt/gz_physics_vendor:/opt/ros/jazzy/opt/sdformat_vendor:/opt/ros/jazzy/opt/gz_gui_vendor:/opt/ros/jazzy/opt/gz_transport_vendor:/opt/ros/jazzy/opt/gz_rendering_vendor:/opt/ros/jazzy/opt/gz_plugin_vendor:/opt/ros/jazzy/opt/gz_fuel_tools_vendor:/opt/ros/jazzy/opt/gz_msgs_vendor:/opt/ros/jazzy/opt/gz_common_vendor:/opt/ros/jazzy/opt/gz_math_vendor:/opt/ros/jazzy/opt/gz_utils_vendor:/opt/ros/jazzy/opt/gz_tools_vendor:/opt/ros/jazzy/opt/gz_ogre_next_vendor:/opt/ros/jazzy/opt/gz_dartsim_vendor:/opt/ros/jazzy/opt/gz_cmake_vendor:/opt/ros/jazzy DEBUGINFOD_URLS=https://debuginfod.ubuntu.com /usr/bin/cmake --install /home/pan/Documents/projects/robot/p7/ros2_ws/src/build/dofbot_config
[2.810s] Level 1:colcon.colcon_core.environment:create_environment_scripts_only(dofbot_config)
[2.810s] Level 1:colcon.colcon_core.environment:checking '/home/pan/Documents/projects/robot/p7/ros2_ws/src/install/dofbot_config' for CMake module files
[2.811s] DEBUG:colcon.colcon_core.event_handler.log_command:Invoked command in '/home/pan/Documents/projects/robot/p7/ros2_ws/src/build/dofbot_config' returned '0': AMENT_PREFIX_PATH=/home/pan/Documents/projects/robot/p7/ros2_ws/src/install/dofbot_moveit:${AMENT_PREFIX_PATH} CMAKE_PREFIX_PATH=/home/pan/Documents/projects/robot/p7/ros2_ws/src/install/dofbot_moveit:/home/pan/Documents/projects/robot/p7/ros2_ws/install/dofbot_config:/home/pan/Documents/projects/robot/p7/ros2_ws/install/dofbot_moveit:/opt/ros/jazzy/opt/gz_sim_vendor:/opt/ros/jazzy/opt/gz_sensors_vendor:/opt/ros/jazzy/opt/gz_physics_vendor:/opt/ros/jazzy/opt/sdformat_vendor:/opt/ros/jazzy/opt/gz_gui_vendor:/opt/ros/jazzy/opt/gz_transport_vendor:/opt/ros/jazzy/opt/gz_rendering_vendor:/opt/ros/jazzy/opt/gz_plugin_vendor:/opt/ros/jazzy/opt/gz_fuel_tools_vendor:/opt/ros/jazzy/opt/gz_msgs_vendor:/opt/ros/jazzy/opt/gz_common_vendor:/opt/ros/jazzy/opt/gz_math_vendor:/opt/ros/jazzy/opt/gz_utils_vendor:/opt/ros/jazzy/opt/gz_tools_vendor:/opt/ros/jazzy/opt/gz_ogre_next_vendor:/opt/ros/jazzy/opt/gz_dartsim_vendor:/opt/ros/jazzy/opt/gz_cmake_vendor:/opt/ros/jazzy DEBUGINFOD_URLS=https://debuginfod.ubuntu.com /usr/bin/cmake --install /home/pan/Documents/projects/robot/p7/ros2_ws/src/build/dofbot_config
[2.811s] Level 1:colcon.colcon_core.environment:checking '/home/pan/Documents/projects/robot/p7/ros2_ws/src/install/dofbot_config' for CMake config files
[2.811s] Level 1:colcon.colcon_core.shell:create_environment_hook('dofbot_config', 'cmake_prefix_path')
[2.811s] INFO:colcon.colcon_core.shell:Creating environment hook '/home/pan/Documents/projects/robot/p7/ros2_ws/src/install/dofbot_config/share/dofbot_config/hook/cmake_prefix_path.ps1'
[2.812s] INFO:colcon.colcon_core.shell:Creating environment descriptor '/home/pan/Documents/projects/robot/p7/ros2_ws/src/install/dofbot_config/share/dofbot_config/hook/cmake_prefix_path.dsv'
[2.812s] INFO:colcon.colcon_core.shell:Creating environment hook '/home/pan/Documents/projects/robot/p7/ros2_ws/src/install/dofbot_config/share/dofbot_config/hook/cmake_prefix_path.sh'
[2.812s] Level 1:colcon.colcon_core.environment:checking '/home/pan/Documents/projects/robot/p7/ros2_ws/src/install/dofbot_config/bin'
[2.813s] Level 1:colcon.colcon_core.environment:checking '/home/pan/Documents/projects/robot/p7/ros2_ws/src/install/dofbot_config/lib/pkgconfig/dofbot_config.pc'
[2.813s] Level 1:colcon.colcon_core.environment:checking '/home/pan/Documents/projects/robot/p7/ros2_ws/src/install/dofbot_config/lib/python3.12/site-packages'
[2.813s] Level 1:colcon.colcon_core.environment:checking '/home/pan/Documents/projects/robot/p7/ros2_ws/src/install/dofbot_config/bin'
[2.813s] INFO:colcon.colcon_core.shell:Creating package script '/home/pan/Documents/projects/robot/p7/ros2_ws/src/install/dofbot_config/share/dofbot_config/package.ps1'
[2.813s] INFO:colcon.colcon_core.shell:Creating package descriptor '/home/pan/Documents/projects/robot/p7/ros2_ws/src/install/dofbot_config/share/dofbot_config/package.dsv'
[2.814s] INFO:colcon.colcon_core.shell:Creating package script '/home/pan/Documents/projects/robot/p7/ros2_ws/src/install/dofbot_config/share/dofbot_config/package.sh'
[2.814s] INFO:colcon.colcon_core.shell:Creating package script '/home/pan/Documents/projects/robot/p7/ros2_ws/src/install/dofbot_config/share/dofbot_config/package.bash'
[2.814s] INFO:colcon.colcon_core.shell:Creating package script '/home/pan/Documents/projects/robot/p7/ros2_ws/src/install/dofbot_config/share/dofbot_config/package.zsh'
[2.815s] Level 1:colcon.colcon_core.environment:create_file_with_runtime_dependencies(/home/pan/Documents/projects/robot/p7/ros2_ws/src/install/dofbot_config/share/colcon-core/packages/dofbot_config)
[2.815s] Level 1:colcon.colcon_core.environment:create_environment_scripts_only(dofbot_config)
[2.815s] Level 1:colcon.colcon_core.environment:checking '/home/pan/Documents/projects/robot/p7/ros2_ws/src/install/dofbot_config' for CMake module files
[2.816s] Level 1:colcon.colcon_core.environment:checking '/home/pan/Documents/projects/robot/p7/ros2_ws/src/install/dofbot_config' for CMake config files
[2.816s] Level 1:colcon.colcon_core.shell:create_environment_hook('dofbot_config', 'cmake_prefix_path')
[2.816s] INFO:colcon.colcon_core.shell:Creating environment hook '/home/pan/Documents/projects/robot/p7/ros2_ws/src/install/dofbot_config/share/dofbot_config/hook/cmake_prefix_path.ps1'
[2.816s] INFO:colcon.colcon_core.shell:Creating environment descriptor '/home/pan/Documents/projects/robot/p7/ros2_ws/src/install/dofbot_config/share/dofbot_config/hook/cmake_prefix_path.dsv'
[2.817s] INFO:colcon.colcon_core.shell:Creating environment hook '/home/pan/Documents/projects/robot/p7/ros2_ws/src/install/dofbot_config/share/dofbot_config/hook/cmake_prefix_path.sh'
[2.817s] Level 1:colcon.colcon_core.environment:checking '/home/pan/Documents/projects/robot/p7/ros2_ws/src/install/dofbot_config/bin'
[2.817s] Level 1:colcon.colcon_core.environment:checking '/home/pan/Documents/projects/robot/p7/ros2_ws/src/install/dofbot_config/lib/pkgconfig/dofbot_config.pc'
[2.817s] Level 1:colcon.colcon_core.environment:checking '/home/pan/Documents/projects/robot/p7/ros2_ws/src/install/dofbot_config/lib/python3.12/site-packages'
[2.817s] Level 1:colcon.colcon_core.environment:checking '/home/pan/Documents/projects/robot/p7/ros2_ws/src/install/dofbot_config/bin'
[2.818s] INFO:colcon.colcon_core.shell:Creating package script '/home/pan/Documents/projects/robot/p7/ros2_ws/src/install/dofbot_config/share/dofbot_config/package.ps1'
[2.818s] INFO:colcon.colcon_core.shell:Creating package descriptor '/home/pan/Documents/projects/robot/p7/ros2_ws/src/install/dofbot_config/share/dofbot_config/package.dsv'
[2.818s] INFO:colcon.colcon_core.shell:Creating package script '/home/pan/Documents/projects/robot/p7/ros2_ws/src/install/dofbot_config/share/dofbot_config/package.sh'
[2.819s] INFO:colcon.colcon_core.shell:Creating package script '/home/pan/Documents/projects/robot/p7/ros2_ws/src/install/dofbot_config/share/dofbot_config/package.bash'
[2.819s] INFO:colcon.colcon_core.shell:Creating package script '/home/pan/Documents/projects/robot/p7/ros2_ws/src/install/dofbot_config/share/dofbot_config/package.zsh'
[2.819s] Level 1:colcon.colcon_core.environment:create_file_with_runtime_dependencies(/home/pan/Documents/projects/robot/p7/ros2_ws/src/install/dofbot_config/share/colcon-core/packages/dofbot_config)
[2.820s] DEBUG:colcon.colcon_parallel_executor.executor.parallel:closing loop
[2.820s] DEBUG:colcon.colcon_parallel_executor.executor.parallel:loop closed
[2.820s] DEBUG:colcon.colcon_parallel_executor.executor.parallel:run_until_complete finished with '0'
[2.820s] DEBUG:colcon.colcon_core.event_reactor:joining thread
[2.848s] INFO:colcon.colcon_core.plugin_system:Skipping extension 'colcon_notification.desktop_notification.terminal_notifier': Not used on non-Darwin systems
[2.848s] INFO:colcon.colcon_core.plugin_system:Skipping extension 'colcon_notification.desktop_notification.win32': Not used on non-Windows systems
[2.849s] INFO:colcon.colcon_notification.desktop_notification:Sending desktop notification using 'notify2'
[2.870s] DEBUG:colcon.colcon_core.event_reactor:joined thread
[2.870s] INFO:colcon.colcon_core.shell:Creating prefix script '/home/pan/Documents/projects/robot/p7/ros2_ws/src/install/local_setup.ps1'
[2.871s] INFO:colcon.colcon_core.shell:Creating prefix util module '/home/pan/Documents/projects/robot/p7/ros2_ws/src/install/_local_setup_util_ps1.py'
[2.873s] INFO:colcon.colcon_core.shell:Creating prefix chain script '/home/pan/Documents/projects/robot/p7/ros2_ws/src/install/setup.ps1'
[2.875s] INFO:colcon.colcon_core.shell:Creating prefix script '/home/pan/Documents/projects/robot/p7/ros2_ws/src/install/local_setup.sh'
[2.875s] INFO:colcon.colcon_core.shell:Creating prefix util module '/home/pan/Documents/projects/robot/p7/ros2_ws/src/install/_local_setup_util_sh.py'
[2.876s] INFO:colcon.colcon_core.shell:Creating prefix chain script '/home/pan/Documents/projects/robot/p7/ros2_ws/src/install/setup.sh'
[2.877s] INFO:colcon.colcon_core.shell:Creating prefix script '/home/pan/Documents/projects/robot/p7/ros2_ws/src/install/local_setup.bash'
[2.877s] INFO:colcon.colcon_core.shell:Creating prefix chain script '/home/pan/Documents/projects/robot/p7/ros2_ws/src/install/setup.bash'
[2.878s] INFO:colcon.colcon_core.shell:Creating prefix script '/home/pan/Documents/projects/robot/p7/ros2_ws/src/install/local_setup.zsh'
[2.878s] INFO:colcon.colcon_core.shell:Creating prefix chain script '/home/pan/Documents/projects/robot/p7/ros2_ws/src/install/setup.zsh'
