[0.012s] Invoking command in '/home/pan/Documents/projects/robot/p7/ros2_ws/src/build/dofbot_config': AMENT_PREFIX_PATH=/home/pan/Documents/projects/robot/p7/ros2_ws/src/install/dofbot_moveit:${AMENT_PREFIX_PATH} CMAKE_PREFIX_PATH=/home/pan/Documents/projects/robot/p7/ros2_ws/src/install/dofbot_moveit:/home/pan/Documents/projects/robot/p7/ros2_ws/install/dofbot_config:/home/pan/Documents/projects/robot/p7/ros2_ws/install/dofbot_moveit:/opt/ros/jazzy/opt/gz_sim_vendor:/opt/ros/jazzy/opt/gz_sensors_vendor:/opt/ros/jazzy/opt/gz_physics_vendor:/opt/ros/jazzy/opt/sdformat_vendor:/opt/ros/jazzy/opt/gz_gui_vendor:/opt/ros/jazzy/opt/gz_transport_vendor:/opt/ros/jazzy/opt/gz_rendering_vendor:/opt/ros/jazzy/opt/gz_plugin_vendor:/opt/ros/jazzy/opt/gz_fuel_tools_vendor:/opt/ros/jazzy/opt/gz_msgs_vendor:/opt/ros/jazzy/opt/gz_common_vendor:/opt/ros/jazzy/opt/gz_math_vendor:/opt/ros/jazzy/opt/gz_utils_vendor:/opt/ros/jazzy/opt/gz_tools_vendor:/opt/ros/jazzy/opt/gz_ogre_next_vendor:/opt/ros/jazzy/opt/gz_dartsim_vendor:/opt/ros/jazzy/opt/gz_cmake_vendor:/opt/ros/jazzy DEBUGINFOD_URLS=https://debuginfod.ubuntu.com /usr/bin/cmake /home/pan/Documents/projects/robot/p7/ros2_ws/src/dofbot_config -DCMAKE_INSTALL_PREFIX=/home/pan/Documents/projects/robot/p7/ros2_ws/src/install/dofbot_config
[0.095s] -- The C compiler identification is GNU 13.3.0
[0.180s] -- The CXX compiler identification is GNU 13.3.0
[0.205s] -- Detecting C compiler ABI info
[0.404s] -- Detecting C compiler ABI info - done
[0.414s] -- Check for working C compiler: /usr/bin/cc - skipped
[0.414s] -- Detecting C compile features
[0.414s] -- Detecting C compile features - done
[0.428s] -- Detecting CXX compiler ABI info
[0.557s] -- Detecting CXX compiler ABI info - done
[0.568s] -- Check for working CXX compiler: /usr/bin/c++ - skipped
[0.568s] -- Detecting CXX compile features
[0.568s] -- Detecting CXX compile features - done
[0.575s] -- Found ament_cmake: 2.5.4 (/opt/ros/jazzy/share/ament_cmake/cmake)
[0.745s] -- Found Python3: /usr/bin/python3 (found version "3.12.3") found components: Interpreter 
[1.020s] -- Configuring done (1.0s)
[1.024s] -- Generating done (0.0s)
[1.026s] -- Build files have been written to: /home/pan/Documents/projects/robot/p7/ros2_ws/src/build/dofbot_config
[1.032s] Invoked command in '/home/pan/Documents/projects/robot/p7/ros2_ws/src/build/dofbot_config' returned '0': AMENT_PREFIX_PATH=/home/pan/Documents/projects/robot/p7/ros2_ws/src/install/dofbot_moveit:${AMENT_PREFIX_PATH} CMAKE_PREFIX_PATH=/home/pan/Documents/projects/robot/p7/ros2_ws/src/install/dofbot_moveit:/home/pan/Documents/projects/robot/p7/ros2_ws/install/dofbot_config:/home/pan/Documents/projects/robot/p7/ros2_ws/install/dofbot_moveit:/opt/ros/jazzy/opt/gz_sim_vendor:/opt/ros/jazzy/opt/gz_sensors_vendor:/opt/ros/jazzy/opt/gz_physics_vendor:/opt/ros/jazzy/opt/sdformat_vendor:/opt/ros/jazzy/opt/gz_gui_vendor:/opt/ros/jazzy/opt/gz_transport_vendor:/opt/ros/jazzy/opt/gz_rendering_vendor:/opt/ros/jazzy/opt/gz_plugin_vendor:/opt/ros/jazzy/opt/gz_fuel_tools_vendor:/opt/ros/jazzy/opt/gz_msgs_vendor:/opt/ros/jazzy/opt/gz_common_vendor:/opt/ros/jazzy/opt/gz_math_vendor:/opt/ros/jazzy/opt/gz_utils_vendor:/opt/ros/jazzy/opt/gz_tools_vendor:/opt/ros/jazzy/opt/gz_ogre_next_vendor:/opt/ros/jazzy/opt/gz_dartsim_vendor:/opt/ros/jazzy/opt/gz_cmake_vendor:/opt/ros/jazzy DEBUGINFOD_URLS=https://debuginfod.ubuntu.com /usr/bin/cmake /home/pan/Documents/projects/robot/p7/ros2_ws/src/dofbot_config -DCMAKE_INSTALL_PREFIX=/home/pan/Documents/projects/robot/p7/ros2_ws/src/install/dofbot_config
[1.033s] Invoking command in '/home/pan/Documents/projects/robot/p7/ros2_ws/src/build/dofbot_config': AMENT_PREFIX_PATH=/home/pan/Documents/projects/robot/p7/ros2_ws/src/install/dofbot_moveit:${AMENT_PREFIX_PATH} CMAKE_PREFIX_PATH=/home/pan/Documents/projects/robot/p7/ros2_ws/src/install/dofbot_moveit:/home/pan/Documents/projects/robot/p7/ros2_ws/install/dofbot_config:/home/pan/Documents/projects/robot/p7/ros2_ws/install/dofbot_moveit:/opt/ros/jazzy/opt/gz_sim_vendor:/opt/ros/jazzy/opt/gz_sensors_vendor:/opt/ros/jazzy/opt/gz_physics_vendor:/opt/ros/jazzy/opt/sdformat_vendor:/opt/ros/jazzy/opt/gz_gui_vendor:/opt/ros/jazzy/opt/gz_transport_vendor:/opt/ros/jazzy/opt/gz_rendering_vendor:/opt/ros/jazzy/opt/gz_plugin_vendor:/opt/ros/jazzy/opt/gz_fuel_tools_vendor:/opt/ros/jazzy/opt/gz_msgs_vendor:/opt/ros/jazzy/opt/gz_common_vendor:/opt/ros/jazzy/opt/gz_math_vendor:/opt/ros/jazzy/opt/gz_utils_vendor:/opt/ros/jazzy/opt/gz_tools_vendor:/opt/ros/jazzy/opt/gz_ogre_next_vendor:/opt/ros/jazzy/opt/gz_dartsim_vendor:/opt/ros/jazzy/opt/gz_cmake_vendor:/opt/ros/jazzy DEBUGINFOD_URLS=https://debuginfod.ubuntu.com /usr/bin/cmake --build /home/pan/Documents/projects/robot/p7/ros2_ws/src/build/dofbot_config -- -j12 -l12
[1.090s] Invoked command in '/home/pan/Documents/projects/robot/p7/ros2_ws/src/build/dofbot_config' returned '0': AMENT_PREFIX_PATH=/home/pan/Documents/projects/robot/p7/ros2_ws/src/install/dofbot_moveit:${AMENT_PREFIX_PATH} CMAKE_PREFIX_PATH=/home/pan/Documents/projects/robot/p7/ros2_ws/src/install/dofbot_moveit:/home/pan/Documents/projects/robot/p7/ros2_ws/install/dofbot_config:/home/pan/Documents/projects/robot/p7/ros2_ws/install/dofbot_moveit:/opt/ros/jazzy/opt/gz_sim_vendor:/opt/ros/jazzy/opt/gz_sensors_vendor:/opt/ros/jazzy/opt/gz_physics_vendor:/opt/ros/jazzy/opt/sdformat_vendor:/opt/ros/jazzy/opt/gz_gui_vendor:/opt/ros/jazzy/opt/gz_transport_vendor:/opt/ros/jazzy/opt/gz_rendering_vendor:/opt/ros/jazzy/opt/gz_plugin_vendor:/opt/ros/jazzy/opt/gz_fuel_tools_vendor:/opt/ros/jazzy/opt/gz_msgs_vendor:/opt/ros/jazzy/opt/gz_common_vendor:/opt/ros/jazzy/opt/gz_math_vendor:/opt/ros/jazzy/opt/gz_utils_vendor:/opt/ros/jazzy/opt/gz_tools_vendor:/opt/ros/jazzy/opt/gz_ogre_next_vendor:/opt/ros/jazzy/opt/gz_dartsim_vendor:/opt/ros/jazzy/opt/gz_cmake_vendor:/opt/ros/jazzy DEBUGINFOD_URLS=https://debuginfod.ubuntu.com /usr/bin/cmake --build /home/pan/Documents/projects/robot/p7/ros2_ws/src/build/dofbot_config -- -j12 -l12
[1.091s] Invoking command in '/home/pan/Documents/projects/robot/p7/ros2_ws/src/build/dofbot_config': AMENT_PREFIX_PATH=/home/pan/Documents/projects/robot/p7/ros2_ws/src/install/dofbot_moveit:${AMENT_PREFIX_PATH} CMAKE_PREFIX_PATH=/home/pan/Documents/projects/robot/p7/ros2_ws/src/install/dofbot_moveit:/home/pan/Documents/projects/robot/p7/ros2_ws/install/dofbot_config:/home/pan/Documents/projects/robot/p7/ros2_ws/install/dofbot_moveit:/opt/ros/jazzy/opt/gz_sim_vendor:/opt/ros/jazzy/opt/gz_sensors_vendor:/opt/ros/jazzy/opt/gz_physics_vendor:/opt/ros/jazzy/opt/sdformat_vendor:/opt/ros/jazzy/opt/gz_gui_vendor:/opt/ros/jazzy/opt/gz_transport_vendor:/opt/ros/jazzy/opt/gz_rendering_vendor:/opt/ros/jazzy/opt/gz_plugin_vendor:/opt/ros/jazzy/opt/gz_fuel_tools_vendor:/opt/ros/jazzy/opt/gz_msgs_vendor:/opt/ros/jazzy/opt/gz_common_vendor:/opt/ros/jazzy/opt/gz_math_vendor:/opt/ros/jazzy/opt/gz_utils_vendor:/opt/ros/jazzy/opt/gz_tools_vendor:/opt/ros/jazzy/opt/gz_ogre_next_vendor:/opt/ros/jazzy/opt/gz_dartsim_vendor:/opt/ros/jazzy/opt/gz_cmake_vendor:/opt/ros/jazzy DEBUGINFOD_URLS=https://debuginfod.ubuntu.com /usr/bin/cmake --install /home/pan/Documents/projects/robot/p7/ros2_ws/src/build/dofbot_config
[1.102s] -- Install configuration: ""
[1.102s] -- Installing: /home/pan/Documents/projects/robot/p7/ros2_ws/src/install/dofbot_config/share/ament_index/resource_index/package_run_dependencies/dofbot_config
[1.102s] -- Installing: /home/pan/Documents/projects/robot/p7/ros2_ws/src/install/dofbot_config/share/ament_index/resource_index/parent_prefix_path/dofbot_config
[1.103s] -- Installing: /home/pan/Documents/projects/robot/p7/ros2_ws/src/install/dofbot_config/share/dofbot_config/environment/ament_prefix_path.sh
[1.103s] -- Installing: /home/pan/Documents/projects/robot/p7/ros2_ws/src/install/dofbot_config/share/dofbot_config/environment/ament_prefix_path.dsv
[1.103s] -- Installing: /home/pan/Documents/projects/robot/p7/ros2_ws/src/install/dofbot_config/share/dofbot_config/environment/path.sh
[1.103s] -- Installing: /home/pan/Documents/projects/robot/p7/ros2_ws/src/install/dofbot_config/share/dofbot_config/environment/path.dsv
[1.103s] -- Installing: /home/pan/Documents/projects/robot/p7/ros2_ws/src/install/dofbot_config/share/dofbot_config/local_setup.bash
[1.103s] -- Installing: /home/pan/Documents/projects/robot/p7/ros2_ws/src/install/dofbot_config/share/dofbot_config/local_setup.sh
[1.103s] -- Installing: /home/pan/Documents/projects/robot/p7/ros2_ws/src/install/dofbot_config/share/dofbot_config/local_setup.zsh
[1.104s] -- Installing: /home/pan/Documents/projects/robot/p7/ros2_ws/src/install/dofbot_config/share/dofbot_config/local_setup.dsv
[1.104s] -- Installing: /home/pan/Documents/projects/robot/p7/ros2_ws/src/install/dofbot_config/share/dofbot_config/package.dsv
[1.104s] -- Installing: /home/pan/Documents/projects/robot/p7/ros2_ws/src/install/dofbot_config/share/ament_index/resource_index/packages/dofbot_config
[1.104s] -- Installing: /home/pan/Documents/projects/robot/p7/ros2_ws/src/install/dofbot_config/share/dofbot_config/cmake/dofbot_configConfig.cmake
[1.104s] -- Installing: /home/pan/Documents/projects/robot/p7/ros2_ws/src/install/dofbot_config/share/dofbot_config/cmake/dofbot_configConfig-version.cmake
[1.104s] -- Installing: /home/pan/Documents/projects/robot/p7/ros2_ws/src/install/dofbot_config/share/dofbot_config/package.xml
[1.105s] -- Installing: /home/pan/Documents/projects/robot/p7/ros2_ws/src/install/dofbot_config/share/dofbot_config/launch
[1.105s] -- Installing: /home/pan/Documents/projects/robot/p7/ros2_ws/src/install/dofbot_config/share/dofbot_config/launch/warehouse_db.launch.py
[1.105s] -- Installing: /home/pan/Documents/projects/robot/p7/ros2_ws/src/install/dofbot_config/share/dofbot_config/launch/demo.launch.py
[1.105s] -- Installing: /home/pan/Documents/projects/robot/p7/ros2_ws/src/install/dofbot_config/share/dofbot_config/launch/moveit_rviz.launch.py
[1.105s] -- Installing: /home/pan/Documents/projects/robot/p7/ros2_ws/src/install/dofbot_config/share/dofbot_config/launch/spawn_controllers.launch.py
[1.105s] -- Installing: /home/pan/Documents/projects/robot/p7/ros2_ws/src/install/dofbot_config/share/dofbot_config/launch/ros2.launch.py
[1.105s] -- Installing: /home/pan/Documents/projects/robot/p7/ros2_ws/src/install/dofbot_config/share/dofbot_config/launch/demo_2.launch.py
[1.105s] -- Installing: /home/pan/Documents/projects/robot/p7/ros2_ws/src/install/dofbot_config/share/dofbot_config/launch/move_group.launch.py
[1.106s] -- Installing: /home/pan/Documents/projects/robot/p7/ros2_ws/src/install/dofbot_config/share/dofbot_config/launch/setup_assistant.launch.py
[1.106s] -- Installing: /home/pan/Documents/projects/robot/p7/ros2_ws/src/install/dofbot_config/share/dofbot_config/launch/static_virtual_joint_tfs.launch.py
[1.106s] -- Installing: /home/pan/Documents/projects/robot/p7/ros2_ws/src/install/dofbot_config/share/dofbot_config/launch/rsp.launch.py
[1.106s] -- Installing: /home/pan/Documents/projects/robot/p7/ros2_ws/src/install/dofbot_config/share/dofbot_config/config
[1.106s] -- Installing: /home/pan/Documents/projects/robot/p7/ros2_ws/src/install/dofbot_config/share/dofbot_config/config/moveit.rviz
[1.106s] -- Installing: /home/pan/Documents/projects/robot/p7/ros2_ws/src/install/dofbot_config/share/dofbot_config/config/moveit_controllers.yaml
[1.107s] -- Installing: /home/pan/Documents/projects/robot/p7/ros2_ws/src/install/dofbot_config/share/dofbot_config/config/yahboom_dofbot.srdf
[1.107s] -- Installing: /home/pan/Documents/projects/robot/p7/ros2_ws/src/install/dofbot_config/share/dofbot_config/config/joint_limits.yaml
[1.107s] -- Installing: /home/pan/Documents/projects/robot/p7/ros2_ws/src/install/dofbot_config/share/dofbot_config/config/yahboom_dofbot.ros2_control.xacro
[1.107s] -- Installing: /home/pan/Documents/projects/robot/p7/ros2_ws/src/install/dofbot_config/share/dofbot_config/config/yahboom_dofbot.urdf.xacro
[1.107s] -- Installing: /home/pan/Documents/projects/robot/p7/ros2_ws/src/install/dofbot_config/share/dofbot_config/config/pilz_cartesian_limits.yaml
[1.107s] -- Installing: /home/pan/Documents/projects/robot/p7/ros2_ws/src/install/dofbot_config/share/dofbot_config/config/kinematics.yaml
[1.107s] -- Installing: /home/pan/Documents/projects/robot/p7/ros2_ws/src/install/dofbot_config/share/dofbot_config/config/initial_positions.yaml
[1.107s] -- Installing: /home/pan/Documents/projects/robot/p7/ros2_ws/src/install/dofbot_config/share/dofbot_config/config/ros2_controllers.yaml
[1.108s] -- Installing: /home/pan/Documents/projects/robot/p7/ros2_ws/src/install/dofbot_config/share/dofbot_config/.setup_assistant
[1.111s] Invoked command in '/home/pan/Documents/projects/robot/p7/ros2_ws/src/build/dofbot_config' returned '0': AMENT_PREFIX_PATH=/home/pan/Documents/projects/robot/p7/ros2_ws/src/install/dofbot_moveit:${AMENT_PREFIX_PATH} CMAKE_PREFIX_PATH=/home/pan/Documents/projects/robot/p7/ros2_ws/src/install/dofbot_moveit:/home/pan/Documents/projects/robot/p7/ros2_ws/install/dofbot_config:/home/pan/Documents/projects/robot/p7/ros2_ws/install/dofbot_moveit:/opt/ros/jazzy/opt/gz_sim_vendor:/opt/ros/jazzy/opt/gz_sensors_vendor:/opt/ros/jazzy/opt/gz_physics_vendor:/opt/ros/jazzy/opt/sdformat_vendor:/opt/ros/jazzy/opt/gz_gui_vendor:/opt/ros/jazzy/opt/gz_transport_vendor:/opt/ros/jazzy/opt/gz_rendering_vendor:/opt/ros/jazzy/opt/gz_plugin_vendor:/opt/ros/jazzy/opt/gz_fuel_tools_vendor:/opt/ros/jazzy/opt/gz_msgs_vendor:/opt/ros/jazzy/opt/gz_common_vendor:/opt/ros/jazzy/opt/gz_math_vendor:/opt/ros/jazzy/opt/gz_utils_vendor:/opt/ros/jazzy/opt/gz_tools_vendor:/opt/ros/jazzy/opt/gz_ogre_next_vendor:/opt/ros/jazzy/opt/gz_dartsim_vendor:/opt/ros/jazzy/opt/gz_cmake_vendor:/opt/ros/jazzy DEBUGINFOD_URLS=https://debuginfod.ubuntu.com /usr/bin/cmake --install /home/pan/Documents/projects/robot/p7/ros2_ws/src/build/dofbot_config
