[0.011s] Invoking command in '/home/pan/Documents/projects/robot/p7/ros2_ws/src/build/dofbot_moveit': CMAKE_PREFIX_PATH=${CMAKE_PREFIX_PATH}:/opt/ros/jazzy DEBUGINFOD_URLS=https://debuginfod.ubuntu.com /usr/bin/cmake /home/pan/Documents/projects/robot/p7/ros2_ws/src/dofbot_moveit -DCMAKE_INSTALL_PREFIX=/home/pan/Documents/projects/robot/p7/ros2_ws/src/install/dofbot_moveit
[0.141s] -- The C compiler identification is GNU 13.3.0
[0.251s] -- The CXX compiler identification is GNU 13.3.0
[0.277s] -- Detecting C compiler ABI info
[0.402s] -- Detecting C compiler ABI info - done
[0.414s] -- Check for working C compiler: /usr/bin/cc - skipped
[0.414s] -- Detecting C compile features
[0.415s] -- Detecting C compile features - done
[0.428s] -- Detecting CXX compiler ABI info
[0.587s] -- Detecting CXX compiler ABI info - done
[0.597s] -- Check for working CXX compiler: /usr/bin/c++ - skipped
[0.597s] -- Detecting CXX compile features
[0.598s] -- Detecting CXX compile features - done
[0.621s] -- Found ament_cmake: 2.5.4 (/opt/ros/jazzy/share/ament_cmake/cmake)
[0.793s] -- Found Python3: /usr/bin/python3 (found version "3.12.3") found components: Interpreter 
[0.955s] -- Found ament_lint_auto: 0.17.3 (/opt/ros/jazzy/share/ament_lint_auto/cmake)
[1.143s] -- Added test 'flake8' to check Python code syntax and style conventions
[1.143s] -- Configured 'flake8' exclude dirs and/or files: 
[1.145s] -- Added test 'lint_cmake' to check CMake code style
[1.146s] -- Added test 'pep257' to check Python code against some of the docstring style conventions in PEP 257
[1.151s] -- Added test 'xmllint' to check XML markup files
[1.155s] -- Configuring done (1.1s)
[1.159s] -- Generating done (0.0s)
[1.161s] -- Build files have been written to: /home/pan/Documents/projects/robot/p7/ros2_ws/src/build/dofbot_moveit
[1.168s] Invoked command in '/home/pan/Documents/projects/robot/p7/ros2_ws/src/build/dofbot_moveit' returned '0': CMAKE_PREFIX_PATH=${CMAKE_PREFIX_PATH}:/opt/ros/jazzy DEBUGINFOD_URLS=https://debuginfod.ubuntu.com /usr/bin/cmake /home/pan/Documents/projects/robot/p7/ros2_ws/src/dofbot_moveit -DCMAKE_INSTALL_PREFIX=/home/pan/Documents/projects/robot/p7/ros2_ws/src/install/dofbot_moveit
[1.170s] Invoking command in '/home/pan/Documents/projects/robot/p7/ros2_ws/src/build/dofbot_moveit': CMAKE_PREFIX_PATH=${CMAKE_PREFIX_PATH}:/opt/ros/jazzy DEBUGINFOD_URLS=https://debuginfod.ubuntu.com /usr/bin/cmake --build /home/pan/Documents/projects/robot/p7/ros2_ws/src/build/dofbot_moveit -- -j12 -l12
[1.240s] Invoked command in '/home/pan/Documents/projects/robot/p7/ros2_ws/src/build/dofbot_moveit' returned '0': CMAKE_PREFIX_PATH=${CMAKE_PREFIX_PATH}:/opt/ros/jazzy DEBUGINFOD_URLS=https://debuginfod.ubuntu.com /usr/bin/cmake --build /home/pan/Documents/projects/robot/p7/ros2_ws/src/build/dofbot_moveit -- -j12 -l12
[1.257s] Invoking command in '/home/pan/Documents/projects/robot/p7/ros2_ws/src/build/dofbot_moveit': CMAKE_PREFIX_PATH=${CMAKE_PREFIX_PATH}:/opt/ros/jazzy DEBUGINFOD_URLS=https://debuginfod.ubuntu.com /usr/bin/cmake --install /home/pan/Documents/projects/robot/p7/ros2_ws/src/build/dofbot_moveit
[1.270s] -- Install configuration: ""
[1.270s] -- Installing: /home/pan/Documents/projects/robot/p7/ros2_ws/src/install/dofbot_moveit/share/dofbot_moveit/meshes
[1.270s] -- Installing: /home/pan/Documents/projects/robot/p7/ros2_ws/src/install/dofbot_moveit/share/dofbot_moveit/meshes/visual
[1.270s] -- Installing: /home/pan/Documents/projects/robot/p7/ros2_ws/src/install/dofbot_moveit/share/dofbot_moveit/meshes/visual/arm_link5.STL
[1.277s] -- Installing: /home/pan/Documents/projects/robot/p7/ros2_ws/src/install/dofbot_moveit/share/dofbot_moveit/meshes/visual/rlink2.STL
[1.278s] -- Installing: /home/pan/Documents/projects/robot/p7/ros2_ws/src/install/dofbot_moveit/share/dofbot_moveit/meshes/visual/llink2.STL
[1.279s] -- Installing: /home/pan/Documents/projects/robot/p7/ros2_ws/src/install/dofbot_moveit/share/dofbot_moveit/meshes/visual/arm_link1.STL
[1.290s] -- Installing: /home/pan/Documents/projects/robot/p7/ros2_ws/src/install/dofbot_moveit/share/dofbot_moveit/meshes/visual/llink1.STL
[1.290s] -- Installing: /home/pan/Documents/projects/robot/p7/ros2_ws/src/install/dofbot_moveit/share/dofbot_moveit/meshes/visual/rlink1.STL
[1.292s] -- Installing: /home/pan/Documents/projects/robot/p7/ros2_ws/src/install/dofbot_moveit/share/dofbot_moveit/meshes/visual/arm_link4.STL
[1.310s] -- Installing: /home/pan/Documents/projects/robot/p7/ros2_ws/src/install/dofbot_moveit/share/dofbot_moveit/meshes/visual/rlink3.STL
[1.312s] -- Installing: /home/pan/Documents/projects/robot/p7/ros2_ws/src/install/dofbot_moveit/share/dofbot_moveit/meshes/visual/arm_link2.STL
[1.327s] -- Installing: /home/pan/Documents/projects/robot/p7/ros2_ws/src/install/dofbot_moveit/share/dofbot_moveit/meshes/visual/arm_link3.STL
[1.342s] -- Installing: /home/pan/Documents/projects/robot/p7/ros2_ws/src/install/dofbot_moveit/share/dofbot_moveit/meshes/visual/llink3.STL
[1.343s] -- Installing: /home/pan/Documents/projects/robot/p7/ros2_ws/src/install/dofbot_moveit/share/dofbot_moveit/meshes/visual/base_link.STL
[1.385s] -- Installing: /home/pan/Documents/projects/robot/p7/ros2_ws/src/install/dofbot_moveit/share/dofbot_moveit/meshes/collision
[1.386s] -- Installing: /home/pan/Documents/projects/robot/p7/ros2_ws/src/install/dofbot_moveit/share/dofbot_moveit/meshes/collision/arm_link5.STL
[1.394s] -- Installing: /home/pan/Documents/projects/robot/p7/ros2_ws/src/install/dofbot_moveit/share/dofbot_moveit/meshes/collision/rlink2.STL
[1.395s] -- Installing: /home/pan/Documents/projects/robot/p7/ros2_ws/src/install/dofbot_moveit/share/dofbot_moveit/meshes/collision/llink2.STL
[1.396s] -- Installing: /home/pan/Documents/projects/robot/p7/ros2_ws/src/install/dofbot_moveit/share/dofbot_moveit/meshes/collision/arm_link1.STL
[1.396s] -- Installing: /home/pan/Documents/projects/robot/p7/ros2_ws/src/install/dofbot_moveit/share/dofbot_moveit/meshes/collision/llink1.STL
[1.396s] -- Installing: /home/pan/Documents/projects/robot/p7/ros2_ws/src/install/dofbot_moveit/share/dofbot_moveit/meshes/collision/rlink1.STL
[1.398s] -- Installing: /home/pan/Documents/projects/robot/p7/ros2_ws/src/install/dofbot_moveit/share/dofbot_moveit/meshes/collision/arm_link4.STL
[1.398s] -- Installing: /home/pan/Documents/projects/robot/p7/ros2_ws/src/install/dofbot_moveit/share/dofbot_moveit/meshes/collision/rlink3.STL
[1.400s] -- Installing: /home/pan/Documents/projects/robot/p7/ros2_ws/src/install/dofbot_moveit/share/dofbot_moveit/meshes/collision/arm_link2.STL
[1.400s] -- Installing: /home/pan/Documents/projects/robot/p7/ros2_ws/src/install/dofbot_moveit/share/dofbot_moveit/meshes/collision/arm_link3.STL
[1.401s] -- Installing: /home/pan/Documents/projects/robot/p7/ros2_ws/src/install/dofbot_moveit/share/dofbot_moveit/meshes/collision/llink3.STL
[1.403s] -- Installing: /home/pan/Documents/projects/robot/p7/ros2_ws/src/install/dofbot_moveit/share/dofbot_moveit/meshes/collision/base_link.STL
[1.403s] -- Installing: /home/pan/Documents/projects/robot/p7/ros2_ws/src/install/dofbot_moveit/share/dofbot_moveit/meshes/base_link.STL
[1.414s] -- Installing: /home/pan/Documents/projects/robot/p7/ros2_ws/src/install/dofbot_moveit/share/dofbot_moveit/urdf
[1.414s] -- Installing: /home/pan/Documents/projects/robot/p7/ros2_ws/src/install/dofbot_moveit/share/dofbot_moveit/urdf/dofbot.urdf.xacro
[1.414s] -- Installing: /home/pan/Documents/projects/robot/p7/ros2_ws/src/install/dofbot_moveit/share/dofbot_moveit/launch
[1.414s] -- Installing: /home/pan/Documents/projects/robot/p7/ros2_ws/src/install/dofbot_moveit/share/dofbot_moveit/launch/dofbot.launch.py
[1.414s] -- Installing: /home/pan/Documents/projects/robot/p7/ros2_ws/src/install/dofbot_moveit/share/dofbot_moveit/config
[1.414s] -- Installing: /home/pan/Documents/projects/robot/p7/ros2_ws/src/install/dofbot_moveit/share/dofbot_moveit/config/controller.yaml
[1.415s] -- Installing: /home/pan/Documents/projects/robot/p7/ros2_ws/src/install/dofbot_moveit/share/ament_index/resource_index/package_run_dependencies/dofbot_moveit
[1.415s] -- Installing: /home/pan/Documents/projects/robot/p7/ros2_ws/src/install/dofbot_moveit/share/ament_index/resource_index/parent_prefix_path/dofbot_moveit
[1.415s] -- Installing: /home/pan/Documents/projects/robot/p7/ros2_ws/src/install/dofbot_moveit/share/dofbot_moveit/environment/ament_prefix_path.sh
[1.415s] -- Installing: /home/pan/Documents/projects/robot/p7/ros2_ws/src/install/dofbot_moveit/share/dofbot_moveit/environment/ament_prefix_path.dsv
[1.416s] -- Installing: /home/pan/Documents/projects/robot/p7/ros2_ws/src/install/dofbot_moveit/share/dofbot_moveit/environment/path.sh
[1.416s] -- Installing: /home/pan/Documents/projects/robot/p7/ros2_ws/src/install/dofbot_moveit/share/dofbot_moveit/environment/path.dsv
[1.416s] -- Installing: /home/pan/Documents/projects/robot/p7/ros2_ws/src/install/dofbot_moveit/share/dofbot_moveit/local_setup.bash
[1.416s] -- Installing: /home/pan/Documents/projects/robot/p7/ros2_ws/src/install/dofbot_moveit/share/dofbot_moveit/local_setup.sh
[1.416s] -- Installing: /home/pan/Documents/projects/robot/p7/ros2_ws/src/install/dofbot_moveit/share/dofbot_moveit/local_setup.zsh
[1.417s] -- Installing: /home/pan/Documents/projects/robot/p7/ros2_ws/src/install/dofbot_moveit/share/dofbot_moveit/local_setup.dsv
[1.417s] -- Installing: /home/pan/Documents/projects/robot/p7/ros2_ws/src/install/dofbot_moveit/share/dofbot_moveit/package.dsv
[1.417s] -- Installing: /home/pan/Documents/projects/robot/p7/ros2_ws/src/install/dofbot_moveit/share/ament_index/resource_index/packages/dofbot_moveit
[1.417s] -- Installing: /home/pan/Documents/projects/robot/p7/ros2_ws/src/install/dofbot_moveit/share/dofbot_moveit/cmake/dofbot_moveitConfig.cmake
[1.417s] -- Installing: /home/pan/Documents/projects/robot/p7/ros2_ws/src/install/dofbot_moveit/share/dofbot_moveit/cmake/dofbot_moveitConfig-version.cmake
[1.418s] -- Installing: /home/pan/Documents/projects/robot/p7/ros2_ws/src/install/dofbot_moveit/share/dofbot_moveit/package.xml
[1.422s] Invoked command in '/home/pan/Documents/projects/robot/p7/ros2_ws/src/build/dofbot_moveit' returned '0': CMAKE_PREFIX_PATH=${CMAKE_PREFIX_PATH}:/opt/ros/jazzy DEBUGINFOD_URLS=https://debuginfod.ubuntu.com /usr/bin/cmake --install /home/pan/Documents/projects/robot/p7/ros2_ws/src/build/dofbot_moveit
