-- Install configuration: ""
-- Up-to-date: /home/pan/Documents/projects/robot/p7/ros2_ws/src/install/dofbot_moveit/share/dofbot_moveit/meshes
-- Up-to-date: /home/pan/Documents/projects/robot/p7/ros2_ws/src/install/dofbot_moveit/share/dofbot_moveit/meshes/visual
-- Up-to-date: /home/pan/Documents/projects/robot/p7/ros2_ws/src/install/dofbot_moveit/share/dofbot_moveit/meshes/visual/arm_link5.STL
-- Up-to-date: /home/pan/Documents/projects/robot/p7/ros2_ws/src/install/dofbot_moveit/share/dofbot_moveit/meshes/visual/rlink2.STL
-- Up-to-date: /home/pan/Documents/projects/robot/p7/ros2_ws/src/install/dofbot_moveit/share/dofbot_moveit/meshes/visual/llink2.STL
-- Up-to-date: /home/pan/Documents/projects/robot/p7/ros2_ws/src/install/dofbot_moveit/share/dofbot_moveit/meshes/visual/arm_link1.STL
-- Up-to-date: /home/pan/Documents/projects/robot/p7/ros2_ws/src/install/dofbot_moveit/share/dofbot_moveit/meshes/visual/llink1.STL
-- Up-to-date: /home/pan/Documents/projects/robot/p7/ros2_ws/src/install/dofbot_moveit/share/dofbot_moveit/meshes/visual/rlink1.STL
-- Up-to-date: /home/pan/Documents/projects/robot/p7/ros2_ws/src/install/dofbot_moveit/share/dofbot_moveit/meshes/visual/arm_link4.STL
-- Up-to-date: /home/pan/Documents/projects/robot/p7/ros2_ws/src/install/dofbot_moveit/share/dofbot_moveit/meshes/visual/rlink3.STL
-- Up-to-date: /home/pan/Documents/projects/robot/p7/ros2_ws/src/install/dofbot_moveit/share/dofbot_moveit/meshes/visual/arm_link2.STL
-- Up-to-date: /home/pan/Documents/projects/robot/p7/ros2_ws/src/install/dofbot_moveit/share/dofbot_moveit/meshes/visual/arm_link3.STL
-- Up-to-date: /home/pan/Documents/projects/robot/p7/ros2_ws/src/install/dofbot_moveit/share/dofbot_moveit/meshes/visual/llink3.STL
-- Up-to-date: /home/pan/Documents/projects/robot/p7/ros2_ws/src/install/dofbot_moveit/share/dofbot_moveit/meshes/visual/base_link.STL
-- Up-to-date: /home/pan/Documents/projects/robot/p7/ros2_ws/src/install/dofbot_moveit/share/dofbot_moveit/meshes/collision
-- Up-to-date: /home/pan/Documents/projects/robot/p7/ros2_ws/src/install/dofbot_moveit/share/dofbot_moveit/meshes/collision/arm_link5.STL
-- Up-to-date: /home/pan/Documents/projects/robot/p7/ros2_ws/src/install/dofbot_moveit/share/dofbot_moveit/meshes/collision/rlink2.STL
-- Up-to-date: /home/pan/Documents/projects/robot/p7/ros2_ws/src/install/dofbot_moveit/share/dofbot_moveit/meshes/collision/llink2.STL
-- Up-to-date: /home/pan/Documents/projects/robot/p7/ros2_ws/src/install/dofbot_moveit/share/dofbot_moveit/meshes/collision/arm_link1.STL
-- Up-to-date: /home/pan/Documents/projects/robot/p7/ros2_ws/src/install/dofbot_moveit/share/dofbot_moveit/meshes/collision/llink1.STL
-- Up-to-date: /home/pan/Documents/projects/robot/p7/ros2_ws/src/install/dofbot_moveit/share/dofbot_moveit/meshes/collision/rlink1.STL
-- Up-to-date: /home/pan/Documents/projects/robot/p7/ros2_ws/src/install/dofbot_moveit/share/dofbot_moveit/meshes/collision/arm_link4.STL
-- Up-to-date: /home/pan/Documents/projects/robot/p7/ros2_ws/src/install/dofbot_moveit/share/dofbot_moveit/meshes/collision/rlink3.STL
-- Up-to-date: /home/pan/Documents/projects/robot/p7/ros2_ws/src/install/dofbot_moveit/share/dofbot_moveit/meshes/collision/arm_link2.STL
-- Up-to-date: /home/pan/Documents/projects/robot/p7/ros2_ws/src/install/dofbot_moveit/share/dofbot_moveit/meshes/collision/arm_link3.STL
-- Up-to-date: /home/pan/Documents/projects/robot/p7/ros2_ws/src/install/dofbot_moveit/share/dofbot_moveit/meshes/collision/llink3.STL
-- Up-to-date: /home/pan/Documents/projects/robot/p7/ros2_ws/src/install/dofbot_moveit/share/dofbot_moveit/meshes/collision/base_link.STL
-- Up-to-date: /home/pan/Documents/projects/robot/p7/ros2_ws/src/install/dofbot_moveit/share/dofbot_moveit/meshes/base_link.STL
-- Up-to-date: /home/pan/Documents/projects/robot/p7/ros2_ws/src/install/dofbot_moveit/share/dofbot_moveit/urdf
-- Up-to-date: /home/pan/Documents/projects/robot/p7/ros2_ws/src/install/dofbot_moveit/share/dofbot_moveit/urdf/dofbot.urdf.xacro
-- Up-to-date: /home/pan/Documents/projects/robot/p7/ros2_ws/src/install/dofbot_moveit/share/dofbot_moveit/launch
-- Installing: /home/pan/Documents/projects/robot/p7/ros2_ws/src/install/dofbot_moveit/share/dofbot_moveit/launch/dofbot.launch.py
-- Up-to-date: /home/pan/Documents/projects/robot/p7/ros2_ws/src/install/dofbot_moveit/share/dofbot_moveit/config
-- Up-to-date: /home/pan/Documents/projects/robot/p7/ros2_ws/src/install/dofbot_moveit/share/dofbot_moveit/config/controller.yaml
-- Up-to-date: /home/pan/Documents/projects/robot/p7/ros2_ws/src/install/dofbot_moveit/share/ament_index/resource_index/package_run_dependencies/dofbot_moveit
-- Up-to-date: /home/pan/Documents/projects/robot/p7/ros2_ws/src/install/dofbot_moveit/share/ament_index/resource_index/parent_prefix_path/dofbot_moveit
-- Up-to-date: /home/pan/Documents/projects/robot/p7/ros2_ws/src/install/dofbot_moveit/share/dofbot_moveit/environment/ament_prefix_path.sh
-- Up-to-date: /home/pan/Documents/projects/robot/p7/ros2_ws/src/install/dofbot_moveit/share/dofbot_moveit/environment/ament_prefix_path.dsv
-- Up-to-date: /home/pan/Documents/projects/robot/p7/ros2_ws/src/install/dofbot_moveit/share/dofbot_moveit/environment/path.sh
-- Up-to-date: /home/pan/Documents/projects/robot/p7/ros2_ws/src/install/dofbot_moveit/share/dofbot_moveit/environment/path.dsv
-- Up-to-date: /home/pan/Documents/projects/robot/p7/ros2_ws/src/install/dofbot_moveit/share/dofbot_moveit/local_setup.bash
-- Up-to-date: /home/pan/Documents/projects/robot/p7/ros2_ws/src/install/dofbot_moveit/share/dofbot_moveit/local_setup.sh
-- Up-to-date: /home/pan/Documents/projects/robot/p7/ros2_ws/src/install/dofbot_moveit/share/dofbot_moveit/local_setup.zsh
-- Up-to-date: /home/pan/Documents/projects/robot/p7/ros2_ws/src/install/dofbot_moveit/share/dofbot_moveit/local_setup.dsv
-- Up-to-date: /home/pan/Documents/projects/robot/p7/ros2_ws/src/install/dofbot_moveit/share/dofbot_moveit/package.dsv
-- Up-to-date: /home/pan/Documents/projects/robot/p7/ros2_ws/src/install/dofbot_moveit/share/ament_index/resource_index/packages/dofbot_moveit
-- Up-to-date: /home/pan/Documents/projects/robot/p7/ros2_ws/src/install/dofbot_moveit/share/dofbot_moveit/cmake/dofbot_moveitConfig.cmake
-- Up-to-date: /home/pan/Documents/projects/robot/p7/ros2_ws/src/install/dofbot_moveit/share/dofbot_moveit/cmake/dofbot_moveitConfig-version.cmake
-- Up-to-date: /home/pan/Documents/projects/robot/p7/ros2_ws/src/install/dofbot_moveit/share/dofbot_moveit/package.xml
