[0.013s] Invoking command in '/home/pan/Documents/projects/robot/p7/ros2_ws/src/build/dofbot_moveit': CMAKE_PREFIX_PATH=${CMAKE_PREFIX_PATH}:/opt/ros/jazzy DEBUGINFOD_URLS=https://debuginfod.ubuntu.com /usr/bin/cmake --build /home/pan/Documents/projects/robot/p7/ros2_ws/src/build/dofbot_moveit -- -j12 -l12
[0.068s] Invoked command in '/home/pan/Documents/projects/robot/p7/ros2_ws/src/build/dofbot_moveit' returned '0': CMAKE_PREFIX_PATH=${CMAKE_PREFIX_PATH}:/opt/ros/jazzy DEBUGINFOD_URLS=https://debuginfod.ubuntu.com /usr/bin/cmake --build /home/pan/Documents/projects/robot/p7/ros2_ws/src/build/dofbot_moveit -- -j12 -l12
[0.082s] Invoking command in '/home/pan/Documents/projects/robot/p7/ros2_ws/src/build/dofbot_moveit': CMAKE_PREFIX_PATH=${CMAKE_PREFIX_PATH}:/opt/ros/jazzy DEBUGINFOD_URLS=https://debuginfod.ubuntu.com /usr/bin/cmake --install /home/pan/Documents/projects/robot/p7/ros2_ws/src/build/dofbot_moveit
[0.092s] -- Install configuration: ""
[0.092s] -- Up-to-date: /home/pan/Documents/projects/robot/p7/ros2_ws/src/install/dofbot_moveit/share/dofbot_moveit/meshes
[0.092s] -- Up-to-date: /home/pan/Documents/projects/robot/p7/ros2_ws/src/install/dofbot_moveit/share/dofbot_moveit/meshes/visual
[0.092s] -- Up-to-date: /home/pan/Documents/projects/robot/p7/ros2_ws/src/install/dofbot_moveit/share/dofbot_moveit/meshes/visual/arm_link5.STL
[0.092s] -- Up-to-date: /home/pan/Documents/projects/robot/p7/ros2_ws/src/install/dofbot_moveit/share/dofbot_moveit/meshes/visual/rlink2.STL
[0.093s] -- Up-to-date: /home/pan/Documents/projects/robot/p7/ros2_ws/src/install/dofbot_moveit/share/dofbot_moveit/meshes/visual/llink2.STL
[0.093s] -- Up-to-date: /home/pan/Documents/projects/robot/p7/ros2_ws/src/install/dofbot_moveit/share/dofbot_moveit/meshes/visual/arm_link1.STL
[0.093s] -- Up-to-date: /home/pan/Documents/projects/robot/p7/ros2_ws/src/install/dofbot_moveit/share/dofbot_moveit/meshes/visual/llink1.STL
[0.093s] -- Up-to-date: /home/pan/Documents/projects/robot/p7/ros2_ws/src/install/dofbot_moveit/share/dofbot_moveit/meshes/visual/rlink1.STL
[0.093s] -- Up-to-date: /home/pan/Documents/projects/robot/p7/ros2_ws/src/install/dofbot_moveit/share/dofbot_moveit/meshes/visual/arm_link4.STL
[0.093s] -- Up-to-date: /home/pan/Documents/projects/robot/p7/ros2_ws/src/install/dofbot_moveit/share/dofbot_moveit/meshes/visual/rlink3.STL
[0.093s] -- Up-to-date: /home/pan/Documents/projects/robot/p7/ros2_ws/src/install/dofbot_moveit/share/dofbot_moveit/meshes/visual/arm_link2.STL
[0.093s] -- Up-to-date: /home/pan/Documents/projects/robot/p7/ros2_ws/src/install/dofbot_moveit/share/dofbot_moveit/meshes/visual/arm_link3.STL
[0.093s] -- Up-to-date: /home/pan/Documents/projects/robot/p7/ros2_ws/src/install/dofbot_moveit/share/dofbot_moveit/meshes/visual/llink3.STL
[0.093s] -- Up-to-date: /home/pan/Documents/projects/robot/p7/ros2_ws/src/install/dofbot_moveit/share/dofbot_moveit/meshes/visual/base_link.STL
[0.093s] -- Up-to-date: /home/pan/Documents/projects/robot/p7/ros2_ws/src/install/dofbot_moveit/share/dofbot_moveit/meshes/collision
[0.094s] -- Up-to-date: /home/pan/Documents/projects/robot/p7/ros2_ws/src/install/dofbot_moveit/share/dofbot_moveit/meshes/collision/arm_link5.STL
[0.094s] -- Up-to-date: /home/pan/Documents/projects/robot/p7/ros2_ws/src/install/dofbot_moveit/share/dofbot_moveit/meshes/collision/rlink2.STL
[0.094s] -- Up-to-date: /home/pan/Documents/projects/robot/p7/ros2_ws/src/install/dofbot_moveit/share/dofbot_moveit/meshes/collision/llink2.STL
[0.094s] -- Up-to-date: /home/pan/Documents/projects/robot/p7/ros2_ws/src/install/dofbot_moveit/share/dofbot_moveit/meshes/collision/arm_link1.STL
[0.094s] -- Up-to-date: /home/pan/Documents/projects/robot/p7/ros2_ws/src/install/dofbot_moveit/share/dofbot_moveit/meshes/collision/llink1.STL
[0.094s] -- Up-to-date: /home/pan/Documents/projects/robot/p7/ros2_ws/src/install/dofbot_moveit/share/dofbot_moveit/meshes/collision/rlink1.STL
[0.094s] -- Up-to-date: /home/pan/Documents/projects/robot/p7/ros2_ws/src/install/dofbot_moveit/share/dofbot_moveit/meshes/collision/arm_link4.STL
[0.094s] -- Up-to-date: /home/pan/Documents/projects/robot/p7/ros2_ws/src/install/dofbot_moveit/share/dofbot_moveit/meshes/collision/rlink3.STL
[0.094s] -- Up-to-date: /home/pan/Documents/projects/robot/p7/ros2_ws/src/install/dofbot_moveit/share/dofbot_moveit/meshes/collision/arm_link2.STL
[0.094s] -- Up-to-date: /home/pan/Documents/projects/robot/p7/ros2_ws/src/install/dofbot_moveit/share/dofbot_moveit/meshes/collision/arm_link3.STL
[0.094s] -- Up-to-date: /home/pan/Documents/projects/robot/p7/ros2_ws/src/install/dofbot_moveit/share/dofbot_moveit/meshes/collision/llink3.STL
[0.094s] -- Up-to-date: /home/pan/Documents/projects/robot/p7/ros2_ws/src/install/dofbot_moveit/share/dofbot_moveit/meshes/collision/base_link.STL
[0.094s] -- Up-to-date: /home/pan/Documents/projects/robot/p7/ros2_ws/src/install/dofbot_moveit/share/dofbot_moveit/meshes/base_link.STL
[0.094s] -- Up-to-date: /home/pan/Documents/projects/robot/p7/ros2_ws/src/install/dofbot_moveit/share/dofbot_moveit/urdf
[0.094s] -- Up-to-date: /home/pan/Documents/projects/robot/p7/ros2_ws/src/install/dofbot_moveit/share/dofbot_moveit/urdf/dofbot.urdf.xacro
[0.095s] -- Up-to-date: /home/pan/Documents/projects/robot/p7/ros2_ws/src/install/dofbot_moveit/share/dofbot_moveit/launch
[0.095s] -- Installing: /home/pan/Documents/projects/robot/p7/ros2_ws/src/install/dofbot_moveit/share/dofbot_moveit/launch/dofbot.launch.py
[0.095s] -- Up-to-date: /home/pan/Documents/projects/robot/p7/ros2_ws/src/install/dofbot_moveit/share/dofbot_moveit/config
[0.095s] -- Up-to-date: /home/pan/Documents/projects/robot/p7/ros2_ws/src/install/dofbot_moveit/share/dofbot_moveit/config/controller.yaml
[0.095s] -- Up-to-date: /home/pan/Documents/projects/robot/p7/ros2_ws/src/install/dofbot_moveit/share/ament_index/resource_index/package_run_dependencies/dofbot_moveit
[0.095s] -- Up-to-date: /home/pan/Documents/projects/robot/p7/ros2_ws/src/install/dofbot_moveit/share/ament_index/resource_index/parent_prefix_path/dofbot_moveit
[0.095s] -- Up-to-date: /home/pan/Documents/projects/robot/p7/ros2_ws/src/install/dofbot_moveit/share/dofbot_moveit/environment/ament_prefix_path.sh
[0.095s] -- Up-to-date: /home/pan/Documents/projects/robot/p7/ros2_ws/src/install/dofbot_moveit/share/dofbot_moveit/environment/ament_prefix_path.dsv
[0.095s] -- Up-to-date: /home/pan/Documents/projects/robot/p7/ros2_ws/src/install/dofbot_moveit/share/dofbot_moveit/environment/path.sh
[0.095s] -- Up-to-date: /home/pan/Documents/projects/robot/p7/ros2_ws/src/install/dofbot_moveit/share/dofbot_moveit/environment/path.dsv
[0.095s] -- Up-to-date: /home/pan/Documents/projects/robot/p7/ros2_ws/src/install/dofbot_moveit/share/dofbot_moveit/local_setup.bash
[0.095s] -- Up-to-date: /home/pan/Documents/projects/robot/p7/ros2_ws/src/install/dofbot_moveit/share/dofbot_moveit/local_setup.sh
[0.095s] -- Up-to-date: /home/pan/Documents/projects/robot/p7/ros2_ws/src/install/dofbot_moveit/share/dofbot_moveit/local_setup.zsh
[0.095s] -- Up-to-date: /home/pan/Documents/projects/robot/p7/ros2_ws/src/install/dofbot_moveit/share/dofbot_moveit/local_setup.dsv
[0.096s] -- Up-to-date: /home/pan/Documents/projects/robot/p7/ros2_ws/src/install/dofbot_moveit/share/dofbot_moveit/package.dsv
[0.096s] -- Up-to-date: /home/pan/Documents/projects/robot/p7/ros2_ws/src/install/dofbot_moveit/share/ament_index/resource_index/packages/dofbot_moveit
[0.096s] -- Up-to-date: /home/pan/Documents/projects/robot/p7/ros2_ws/src/install/dofbot_moveit/share/dofbot_moveit/cmake/dofbot_moveitConfig.cmake
[0.096s] -- Up-to-date: /home/pan/Documents/projects/robot/p7/ros2_ws/src/install/dofbot_moveit/share/dofbot_moveit/cmake/dofbot_moveitConfig-version.cmake
[0.096s] -- Up-to-date: /home/pan/Documents/projects/robot/p7/ros2_ws/src/install/dofbot_moveit/share/dofbot_moveit/package.xml
[0.097s] Invoked command in '/home/pan/Documents/projects/robot/p7/ros2_ws/src/build/dofbot_moveit' returned '0': CMAKE_PREFIX_PATH=${CMAKE_PREFIX_PATH}:/opt/ros/jazzy DEBUGINFOD_URLS=https://debuginfod.ubuntu.com /usr/bin/cmake --install /home/pan/Documents/projects/robot/p7/ros2_ws/src/build/dofbot_moveit
